reading file from com-orkut.ungraph.in
creating csr
create csr successfully
1 2 3 4 5 3072625 3072624 3072623 3072622 3072621 1485837 1217687 1947369 2937340 141333 92461 2167802 2178274 3041920 271513 
------------
omp_thread: 1
---------------
node :1
MTEPS: 127.809509
Trial Time:	0.791406
---------------
node :2
MTEPS: 130.384325
Trial Time:	0.861775
---------------
node :3
MTEPS: 129.918771
Trial Time:	0.840501
---------------
node :4
MTEPS: 133.198110
Trial Time:	0.937751
---------------
node :5
MTEPS: 129.024543
Trial Time:	0.816552
---------------
node :3072625
MTEPS: 0.000000
Trial Time:	0.000054
---------------
node :3072624
MTEPS: 0.000000
Trial Time:	0.000054
---------------
node :3072623
MTEPS: 0.000000
Trial Time:	0.000055
---------------
node :3072622
MTEPS: 0.000000
Trial Time:	0.000050
---------------
node :3072621
MTEPS: 0.000000
Trial Time:	0.000051
---------------
node :1485837
MTEPS: 106.460214
Trial Time:	0.504643
---------------
node :1217687
MTEPS: 126.723954
Trial Time:	0.764328
---------------
node :1947369
MTEPS: 135.141636
Trial Time:	1.019984
---------------
node :2937340
MTEPS: 0.000000
Trial Time:	0.000054
---------------
node :141333
MTEPS: 105.260325
Trial Time:	0.453340
---------------
node :92461
MTEPS: 102.679866
Trial Time:	0.440300
---------------
node :2167802
MTEPS: 0.000000
Trial Time:	0.000053
---------------
node :2178274
MTEPS: 134.864380
Trial Time:	1.007195
---------------
node :3041920
MTEPS: 0.000000
Trial Time:	0.000052
---------------
node :271513
MTEPS: 124.899757
Trial Time:	0.707133
Min time: 0.000050
Max time: 1.019984
Avg time: 0.762076
Avg MTEPS: 123.863782
Avg steps: 96539933
------------
omp_thread: 2
---------------
node :1
MTEPS: 245.167372
Trial Time:	0.412572
---------------
node :2
MTEPS: 251.206704
Trial Time:	0.447289
---------------
node :3
MTEPS: 237.625396
Trial Time:	0.459533
---------------
node :4
MTEPS: 257.318323
Trial Time:	0.485417
---------------
node :5
MTEPS: 246.170505
Trial Time:	0.427977
---------------
node :3072625
MTEPS: 0.000000
Trial Time:	0.000055
---------------
node :3072624
MTEPS: 0.000000
Trial Time:	0.000054
---------------
node :3072623
MTEPS: 0.000000
Trial Time:	0.000051
---------------
node :3072622
MTEPS: 0.000000
Trial Time:	0.000050
---------------
node :3072621
MTEPS: 0.000000
Trial Time:	0.000051
---------------
node :1485837
MTEPS: 203.320947
Trial Time:	0.264234
---------------
node :1217687
MTEPS: 243.731721
Trial Time:	0.397399
---------------
node :1947369
MTEPS: 258.912022
Trial Time:	0.532390
---------------
node :2937340
MTEPS: 0.000000
Trial Time:	0.000054
---------------
node :141333
MTEPS: 195.526936
Trial Time:	0.244052
---------------
node :92461
MTEPS: 195.070106
Trial Time:	0.231763
---------------
node :2167802
MTEPS: 0.000000
Trial Time:	0.000071
---------------
node :2178274
MTEPS: 262.697833
Trial Time:	0.517076
---------------
node :3041920
MTEPS: 0.000000
Trial Time:	0.000055
---------------
node :271513
MTEPS: 240.784257
Trial Time:	0.366804
Min time: 0.000050
Max time: 0.532390
Avg time: 0.398875
Avg MTEPS: 236.461009
Avg steps: 96539933
------------
omp_thread: 4
---------------
node :1
MTEPS: 487.485021
Trial Time:	0.207492
---------------
node :2
MTEPS: 498.881326
Trial Time:	0.225228
---------------
node :3
MTEPS: 496.015473
Trial Time:	0.220148
---------------
node :4
MTEPS: 509.868782
Trial Time:	0.244978
---------------
node :5
MTEPS: 490.017931
Trial Time:	0.215003
---------------
node :3072625
MTEPS: 0.000000
Trial Time:	0.000053
---------------
node :3072624
MTEPS: 0.000000
Trial Time:	0.000053
---------------
node :3072623
MTEPS: 0.000000
Trial Time:	0.000052
---------------
node :3072622
MTEPS: 0.000000
Trial Time:	0.000051
---------------
node :3072621
MTEPS: 0.000000
Trial Time:	0.000052
---------------
node :1485837
MTEPS: 407.878924
Trial Time:	0.131717
---------------
node :1217687
MTEPS: 482.536536
Trial Time:	0.200728
---------------
node :1947369
MTEPS: 520.001289
Trial Time:	0.265081
---------------
node :2937340
MTEPS: 0.000000
Trial Time:	0.000053
---------------
node :141333
MTEPS: 397.785303
Trial Time:	0.119961
---------------
node :92461
MTEPS: 389.334907
Trial Time:	0.116121
---------------
node :2167802
MTEPS: 0.000000
Trial Time:	0.000053
---------------
node :2178274
MTEPS: 516.703359
Trial Time:	0.262887
---------------
node :3041920
MTEPS: 0.000000
Trial Time:	0.000053
---------------
node :271513
MTEPS: 474.093499
Trial Time:	0.186294
Min time: 0.000051
Max time: 0.265081
Avg time: 0.199636
Avg MTEPS: 472.550194
Avg steps: 96539933
------------
omp_thread: 8
---------------
node :1
MTEPS: 877.874097
Trial Time:	0.115221
---------------
node :2
MTEPS: 924.736824
Trial Time:	0.121507
---------------
node :3
MTEPS: 920.113433
Trial Time:	0.118678
---------------
node :4
MTEPS: 952.192330
Trial Time:	0.131178
---------------
node :5
MTEPS: 910.312115
Trial Time:	0.115735
---------------
node :3072625
MTEPS: 0.000000
Trial Time:	0.000076
---------------
node :3072624
MTEPS: 0.000000
Trial Time:	0.000059
---------------
node :3072623
MTEPS: 0.000000
Trial Time:	0.000057
---------------
node :3072622
MTEPS: 0.000000
Trial Time:	0.000057
---------------
node :3072621
MTEPS: 0.000000
Trial Time:	0.000055
---------------
node :1485837
MTEPS: 715.323225
Trial Time:	0.075105
---------------
node :1217687
MTEPS: 892.559936
Trial Time:	0.108518
---------------
node :1947369
MTEPS: 976.192046
Trial Time:	0.141204
---------------
node :2937340
MTEPS: 0.000000
Trial Time:	0.000080
---------------
node :141333
MTEPS: 691.807800
Trial Time:	0.068977
---------------
node :92461
MTEPS: 673.711820
Trial Time:	0.067106
---------------
node :2167802
MTEPS: 0.000000
Trial Time:	0.000056
---------------
node :2178274
MTEPS: 973.190648
Trial Time:	0.139577
---------------
node :3041920
MTEPS: 0.000000
Trial Time:	0.000079
---------------
node :271513
MTEPS: 870.692300
Trial Time:	0.101437
Min time: 0.000055
Max time: 0.141204
Avg time: 0.108687
Avg MTEPS: 864.892210
Avg steps: 96539933
------------
omp_thread: 16
---------------
node :1
MTEPS: 1665.439050
Trial Time:	0.060734
---------------
node :2
MTEPS: 1741.618382
Trial Time:	0.064516
---------------
node :3
MTEPS: 1714.178851
Trial Time:	0.063702
---------------
node :4
MTEPS: 1795.031484
Trial Time:	0.069585
---------------
node :5
MTEPS: 1691.018872
Trial Time:	0.062303
---------------
node :3072625
MTEPS: 0.000000
Trial Time:	0.000098
---------------
node :3072624
MTEPS: 0.000000
Trial Time:	0.000027
---------------
node :3072623
MTEPS: 0.000000
Trial Time:	0.000029
---------------
node :3072622
MTEPS: 0.000000
Trial Time:	0.000026
---------------
node :3072621
MTEPS: 0.000000
Trial Time:	0.000025
---------------
node :1485837
MTEPS: 1290.272555
Trial Time:	0.041638
---------------
node :1217687
MTEPS: 1653.106953
Trial Time:	0.058592
---------------
node :1947369
MTEPS: 1849.330722
Trial Time:	0.074536
---------------
node :2937340
MTEPS: 0.000000
Trial Time:	0.000096
---------------
node :141333
MTEPS: 1228.940620
Trial Time:	0.038829
---------------
node :92461
MTEPS: 1199.784331
Trial Time:	0.037682
---------------
node :2167802
MTEPS: 0.000000
Trial Time:	0.000097
---------------
node :2178274
MTEPS: 1827.594023
Trial Time:	0.074324
---------------
node :3041920
MTEPS: 0.000000
Trial Time:	0.000098
---------------
node :271513
MTEPS: 1615.215967
Trial Time:	0.054680
Min time: 0.000025
Max time: 0.074536
Avg time: 0.058427
Avg MTEPS: 1605.960976
Avg steps: 96539933
------------
omp_thread: 32
---------------
node :1
MTEPS: 2958.841947
Trial Time:	0.034185
---------------
node :2
MTEPS: 3167.806086
Trial Time:	0.035470
---------------
node :3
MTEPS: 3133.427391
Trial Time:	0.034849
---------------
node :4
MTEPS: 3292.420459
Trial Time:	0.037938
---------------
node :5
MTEPS: 3086.365793
Trial Time:	0.034136
---------------
node :3072625
MTEPS: 0.000000
Trial Time:	0.000111
---------------
node :3072624
MTEPS: 0.000000
Trial Time:	0.000031
---------------
node :3072623
MTEPS: 0.000000
Trial Time:	0.000032
---------------
node :3072622
MTEPS: 0.000000
Trial Time:	0.000033
---------------
node :3072621
MTEPS: 0.000000
Trial Time:	0.000029
---------------
node :1485837
MTEPS: 2237.975416
Trial Time:	0.024006
---------------
node :1217687
MTEPS: 2990.536829
Trial Time:	0.032388
---------------
node :1947369
MTEPS: 3401.847639
Trial Time:	0.040520
---------------
node :2937340
MTEPS: 0.000000
Trial Time:	0.000115
---------------
node :141333
MTEPS: 2132.127502
Trial Time:	0.022381
---------------
node :92461
MTEPS: 2049.069001
Trial Time:	0.022064
---------------
node :2167802
MTEPS: 0.000000
Trial Time:	0.000119
---------------
node :2178274
MTEPS: 3383.099406
Trial Time:	0.040151
---------------
node :3041920
MTEPS: 0.000000
Trial Time:	0.000119
---------------
node :271513
MTEPS: 2870.055435
Trial Time:	0.030773
Min time: 0.000029
Max time: 0.040520
Avg time: 0.032405
Avg MTEPS: 2891.964394
Avg steps: 96539933
------------
omp_thread: 48
---------------
node :1
MTEPS: 3998.537507
Trial Time:	0.025297
---------------
node :2
MTEPS: 4279.691165
Trial Time:	0.026255
---------------
node :3
MTEPS: 4217.333423
Trial Time:	0.025892
---------------
node :4
MTEPS: 4462.637927
Trial Time:	0.027989
---------------
node :5
MTEPS: 4139.875715
Trial Time:	0.025449
---------------
node :3072625
MTEPS: 0.000000
Trial Time:	0.000135
---------------
node :3072624
MTEPS: 0.000000
Trial Time:	0.000044
---------------
node :3072623
MTEPS: 0.000000
Trial Time:	0.000042
---------------
node :3072622
MTEPS: 0.000000
Trial Time:	0.000042
---------------
node :3072621
MTEPS: 0.000000
Trial Time:	0.000046
---------------
node :1485837
MTEPS: 2931.239352
Trial Time:	0.018328
---------------
node :1217687
MTEPS: 4008.033056
Trial Time:	0.024166
---------------
node :1947369
MTEPS: 4647.947994
Trial Time:	0.029657
---------------
node :2937340
MTEPS: 0.000000
Trial Time:	0.000132
---------------
node :141333
MTEPS: 2738.219382
Trial Time:	0.017427
---------------
node :92461
MTEPS: 2657.492815
Trial Time:	0.017012
---------------
node :2167802
MTEPS: 0.000000
Trial Time:	0.000139
---------------
node :2178274
MTEPS: 4604.313554
Trial Time:	0.029502
---------------
node :3041920
MTEPS: 0.000000
Trial Time:	0.000133
---------------
node :271513
MTEPS: 3853.887240
Trial Time:	0.022917
Min time: 0.000042
Max time: 0.029657
Avg time: 0.024158
Avg MTEPS: 3878.267408
Avg steps: 96539933
------------
omp_thread: 64
---------------
node :1
MTEPS: 4680.118529
Trial Time:	0.021613
---------------
node :2
MTEPS: 5047.685650
Trial Time:	0.022260
---------------
node :3
MTEPS: 4937.963126
Trial Time:	0.022114
---------------
node :4
MTEPS: 5328.833743
Trial Time:	0.023440
---------------
node :5
MTEPS: 4825.686208
Trial Time:	0.021832
---------------
node :3072625
MTEPS: 0.000000
Trial Time:	0.000137
---------------
node :3072624
MTEPS: 0.000000
Trial Time:	0.000058
---------------
node :3072623
MTEPS: 0.000000
Trial Time:	0.000048
---------------
node :3072622
MTEPS: 0.000000
Trial Time:	0.000053
---------------
node :3072621
MTEPS: 0.000000
Trial Time:	0.000052
---------------
node :1485837
MTEPS: 3263.666032
Trial Time:	0.016461
---------------
node :1217687
MTEPS: 4825.401779
Trial Time:	0.020073
---------------
node :1947369
MTEPS: 5564.080276
Trial Time:	0.024774
---------------
node :2937340
MTEPS: 0.000000
Trial Time:	0.000148
---------------
node :141333
MTEPS: 3038.934963
Trial Time:	0.015702
---------------
node :92461
MTEPS: 2911.645074
Trial Time:	0.015527
---------------
node :2167802
MTEPS: 0.000000
Trial Time:	0.000153
---------------
node :2178274
MTEPS: 5535.936336
Trial Time:	0.024537
---------------
node :3041920
MTEPS: 0.000000
Trial Time:	0.000155
---------------
node :271513
MTEPS: 4568.397127
Trial Time:	0.019333
Min time: 0.000048
Max time: 0.024774
Avg time: 0.020639
Avg MTEPS: 4544.029046
Avg steps: 96539933
------------
omp_thread: 128
---------------
node :1
MTEPS: 2903.203909
Trial Time:	0.034841
---------------
node :2
MTEPS: 2371.049858
Trial Time:	0.047389
---------------
node :3
MTEPS: 2278.408215
Trial Time:	0.047927
---------------
node :4
MTEPS: 2434.507394
Trial Time:	0.051307
---------------
node :5
MTEPS: 2200.052126
Trial Time:	0.047888
---------------
node :3072625
MTEPS: 0.000000
Trial Time:	0.000811
---------------
node :3072624
MTEPS: 0.000000
Trial Time:	0.000173
---------------
node :3072623
MTEPS: 0.000000
Trial Time:	0.000139
---------------
node :3072622
MTEPS: 0.000000
Trial Time:	0.000142
---------------
node :3072621
MTEPS: 0.000000
Trial Time:	0.000131
---------------
node :1485837
MTEPS: 1496.918695
Trial Time:	0.035890
---------------
node :1217687
MTEPS: 2071.404393
Trial Time:	0.046760
---------------
node :1947369
MTEPS: 2570.461638
Trial Time:	0.053625
---------------
node :2937340
MTEPS: 0.000000
Trial Time:	0.001186
---------------
node :141333
MTEPS: 1402.322300
Trial Time:	0.034028
---------------
node :92461
MTEPS: 1297.774910
Trial Time:	0.034837
---------------
node :2167802
MTEPS: 0.000000
Trial Time:	0.000901
---------------
node :2178274
MTEPS: 1616.194389
Trial Time:	0.084046
---------------
node :3041920
MTEPS: 0.000000
Trial Time:	0.000815
---------------
node :271513
MTEPS: 1769.440978
Trial Time:	0.049914
Min time: 0.000131
Max time: 0.084046
Avg time: 0.043818
Avg MTEPS: 1877.826057
Avg steps: 89113784
