reading file from rmat1.in
creating csr
create csr successfully
1 2 3 4 5 99999997 99999996 99999995 99999994 99999993 2506988 34795232 3336557 77361704 18230792 4817126 61285552 26248854 64404520 46705872 
------------
omp_thread: 1
---------------
node :1
MTEPS: 36.577654
Trial Time:	10.106774
---------------
node :2
MTEPS: 34.224832
Trial Time:	9.385419
---------------
node :3
MTEPS: 38.142730
Trial Time:	3.766875
---------------
node :4
MTEPS: 35.905970
Trial Time:	9.120799
---------------
node :5
MTEPS: 36.212256
Trial Time:	9.187786
---------------
node :99999997
MTEPS: 0.000000
Trial Time:	0.001684
---------------
node :99999996
MTEPS: 0.000000
Trial Time:	0.001673
---------------
node :99999995
MTEPS: 37.196810
Trial Time:	3.862667
---------------
node :99999994
MTEPS: 37.990977
Trial Time:	3.781922
---------------
node :99999993
MTEPS: 33.675679
Trial Time:	8.327641
---------------
node :2506988
MTEPS: 38.066125
Trial Time:	3.774456
---------------
node :34795232
MTEPS: 37.953173
Trial Time:	3.785689
---------------
node :3336557
MTEPS: 34.033079
Trial Time:	8.190212
---------------
node :77361704
MTEPS: 37.896385
Trial Time:	3.791362
---------------
node :18230792
MTEPS: 37.597504
Trial Time:	3.821501
---------------
node :4817126
MTEPS: 37.169576
Trial Time:	3.865498
---------------
node :61285552
MTEPS: 35.394842
Trial Time:	9.372180
---------------
node :26248854
MTEPS: 33.715084
Trial Time:	8.163643
---------------
node :64404520
MTEPS: 38.587195
Trial Time:	3.723487
---------------
node :46705872
MTEPS: 37.861522
Trial Time:	3.794853
Min time: 0.001673
Max time: 10.106774
Avg time: 5.491306
Avg MTEPS: 32.910069
Avg steps: 197701446
------------
omp_thread: 2
---------------
node :1
MTEPS: 63.007192
Trial Time:	5.867300
---------------
node :2
MTEPS: 57.535180
Trial Time:	5.582921
---------------
node :3
MTEPS: 76.311795
Trial Time:	1.882788
---------------
node :4
MTEPS: 57.751086
Trial Time:	5.670736
---------------
node :5
MTEPS: 58.249769
Trial Time:	5.711790
---------------
node :99999997
MTEPS: 0.000000
Trial Time:	0.001597
---------------
node :99999996
MTEPS: 0.000000
Trial Time:	0.001606
---------------
node :99999995
MTEPS: 76.428779
Trial Time:	1.879906
---------------
node :99999994
MTEPS: 76.582393
Trial Time:	1.876135
---------------
node :99999993
MTEPS: 55.020555
Trial Time:	5.096986
---------------
node :2506988
MTEPS: 76.776077
Trial Time:	1.871402
---------------
node :34795232
MTEPS: 76.275432
Trial Time:	1.883685
---------------
node :3336557
MTEPS: 54.845197
Trial Time:	5.082271
---------------
node :77361704
MTEPS: 76.636255
Trial Time:	1.874816
---------------
node :18230792
MTEPS: 75.890712
Trial Time:	1.893234
---------------
node :4817126
MTEPS: 74.650780
Trial Time:	1.924681
---------------
node :61285552
MTEPS: 58.963768
Trial Time:	5.625943
---------------
node :26248854
MTEPS: 54.304248
Trial Time:	5.068442
---------------
node :64404520
MTEPS: 74.958002
Trial Time:	1.916792
---------------
node :46705872
MTEPS: 75.344077
Trial Time:	1.906970
Min time: 0.001597
Max time: 5.867300
Avg time: 3.131000
Avg MTEPS: 60.976565
Avg steps: 197701446
------------
omp_thread: 4
---------------
node :1
MTEPS: 122.606895
Trial Time:	3.015182
---------------
node :2
MTEPS: 115.158384
Trial Time:	2.789327
---------------
node :3
MTEPS: 157.582641
Trial Time:	0.911769
---------------
node :4
MTEPS: 116.107512
Trial Time:	2.820585
---------------
node :5
MTEPS: 115.721641
Trial Time:	2.875093
---------------
node :99999997
MTEPS: 0.000000
Trial Time:	0.001605
---------------
node :99999996
MTEPS: 0.000000
Trial Time:	0.001594
---------------
node :99999995
MTEPS: 155.777158
Trial Time:	0.922336
---------------
node :99999994
MTEPS: 158.149390
Trial Time:	0.908501
---------------
node :99999993
MTEPS: 106.455999
Trial Time:	2.634318
---------------
node :2506988
MTEPS: 158.133071
Trial Time:	0.908595
---------------
node :34795232
MTEPS: 157.105896
Trial Time:	0.914535
---------------
node :3336557
MTEPS: 107.702624
Trial Time:	2.588035
---------------
node :77361704
MTEPS: 155.504619
Trial Time:	0.923953
---------------
node :18230792
MTEPS: 155.739322
Trial Time:	0.922560
---------------
node :4817126
MTEPS: 158.528030
Trial Time:	0.906331
---------------
node :61285552
MTEPS: 116.681388
Trial Time:	2.843014
---------------
node :26248854
MTEPS: 109.155047
Trial Time:	2.521532
---------------
node :64404520
MTEPS: 158.011023
Trial Time:	0.909297
---------------
node :46705872
MTEPS: 157.428156
Trial Time:	0.912663
Min time: 0.001594
Max time: 3.015182
Avg time: 1.561541
Avg MTEPS: 124.077440
Avg steps: 197701446
------------
omp_thread: 8
---------------
node :1
MTEPS: 217.083981
Trial Time:	1.702945
---------------
node :2
MTEPS: 196.880629
Trial Time:	1.631518
---------------
node :3
MTEPS: 287.065086
Trial Time:	0.500510
---------------
node :4
MTEPS: 200.429813
Trial Time:	1.633944
---------------
node :5
MTEPS: 199.057719
Trial Time:	1.671427
---------------
node :99999997
MTEPS: 0.000000
Trial Time:	0.001593
---------------
node :99999996
MTEPS: 0.000000
Trial Time:	0.001582
---------------
node :99999995
MTEPS: 289.065090
Trial Time:	0.497047
---------------
node :99999994
MTEPS: 290.831329
Trial Time:	0.494028
---------------
node :99999993
MTEPS: 190.718202
Trial Time:	1.470436
---------------
node :2506988
MTEPS: 290.263929
Trial Time:	0.494994
---------------
node :34795232
MTEPS: 284.770868
Trial Time:	0.504542
---------------
node :3336557
MTEPS: 189.096186
Trial Time:	1.474055
---------------
node :77361704
MTEPS: 290.531024
Trial Time:	0.494539
---------------
node :18230792
MTEPS: 290.067235
Trial Time:	0.495330
---------------
node :4817126
MTEPS: 291.421495
Trial Time:	0.493028
---------------
node :61285552
MTEPS: 203.305022
Trial Time:	1.631671
---------------
node :26248854
MTEPS: 187.828616
Trial Time:	1.465367
---------------
node :64404520
MTEPS: 290.270151
Trial Time:	0.494983
---------------
node :46705872
MTEPS: 288.367122
Trial Time:	0.498250
Min time: 0.001582
Max time: 1.702945
Avg time: 0.882590
Avg MTEPS: 223.852675
Avg steps: 197701446
------------
omp_thread: 16
---------------
node :1
MTEPS: 385.063073
Trial Time:	0.960056
---------------
node :2
MTEPS: 355.866022
Trial Time:	0.902627
---------------
node :3
MTEPS: 554.345414
Trial Time:	0.259187
---------------
node :4
MTEPS: 359.769246
Trial Time:	0.910281
---------------
node :5
MTEPS: 363.201516
Trial Time:	0.916049
---------------
node :99999997
MTEPS: 0.000000
Trial Time:	0.001637
---------------
node :99999996
MTEPS: 0.000000
Trial Time:	0.001621
---------------
node :99999995
MTEPS: 555.296289
Trial Time:	0.258743
---------------
node :99999994
MTEPS: 554.824652
Trial Time:	0.258963
---------------
node :99999993
MTEPS: 336.000658
Trial Time:	0.834638
---------------
node :2506988
MTEPS: 553.683591
Trial Time:	0.259496
---------------
node :34795232
MTEPS: 554.708339
Trial Time:	0.259017
---------------
node :3336557
MTEPS: 335.399898
Trial Time:	0.831062
---------------
node :77361704
MTEPS: 555.022105
Trial Time:	0.258871
---------------
node :18230792
MTEPS: 554.264685
Trial Time:	0.259224
---------------
node :4817126
MTEPS: 554.050931
Trial Time:	0.259324
---------------
node :61285552
MTEPS: 362.176774
Trial Time:	0.915925
---------------
node :26248854
MTEPS: 330.667325
Trial Time:	0.832371
---------------
node :64404520
MTEPS: 550.801318
Trial Time:	0.260854
---------------
node :46705872
MTEPS: 553.723774
Trial Time:	0.259478
Min time: 0.001621
Max time: 0.960056
Avg time: 0.484971
Avg MTEPS: 418.443280
Avg steps: 197701446
------------
omp_thread: 32
---------------
node :1
MTEPS: 629.649574
Trial Time:	0.587124
---------------
node :2
MTEPS: 580.795698
Trial Time:	0.553059
---------------
node :3
MTEPS: 911.620135
Trial Time:	0.157608
---------------
node :4
MTEPS: 587.797391
Trial Time:	0.557150
---------------
node :5
MTEPS: 592.277372
Trial Time:	0.561748
---------------
node :99999997
MTEPS: 0.000000
Trial Time:	0.001747
---------------
node :99999996
MTEPS: 0.000000
Trial Time:	0.001751
---------------
node :99999995
MTEPS: 908.108819
Trial Time:	0.158218
---------------
node :99999994
MTEPS: 908.227352
Trial Time:	0.158197
---------------
node :99999993
MTEPS: 550.860757
Trial Time:	0.509092
---------------
node :2506988
MTEPS: 907.326264
Trial Time:	0.158354
---------------
node :34795232
MTEPS: 908.884534
Trial Time:	0.158083
---------------
node :3336557
MTEPS: 547.388575
Trial Time:	0.509214
---------------
node :77361704
MTEPS: 908.756570
Trial Time:	0.158105
---------------
node :18230792
MTEPS: 909.270133
Trial Time:	0.158016
---------------
node :4817126
MTEPS: 905.281326
Trial Time:	0.158712
---------------
node :61285552
MTEPS: 591.369792
Trial Time:	0.560947
---------------
node :26248854
MTEPS: 542.459703
Trial Time:	0.507389
---------------
node :64404520
MTEPS: 911.237554
Trial Time:	0.157674
---------------
node :46705872
MTEPS: 906.775119
Trial Time:	0.158450
Min time: 0.001747
Max time: 0.587124
Avg time: 0.296532
Avg MTEPS: 685.404333
Avg steps: 197701446
------------
omp_thread: 48
---------------
node :1
MTEPS: 787.037958
Trial Time:	0.469713
---------------
node :2
MTEPS: 720.815641
Trial Time:	0.445626
---------------
node :3
MTEPS: 1000.444389
Trial Time:	0.143615
---------------
node :4
MTEPS: 728.603691
Trial Time:	0.449478
---------------
node :5
MTEPS: 735.964365
Trial Time:	0.452074
---------------
node :99999997
MTEPS: 0.000000
Trial Time:	0.002076
---------------
node :99999996
MTEPS: 0.000000
Trial Time:	0.002032
---------------
node :99999995
MTEPS: 998.215759
Trial Time:	0.143936
---------------
node :99999994
MTEPS: 997.210711
Trial Time:	0.144081
---------------
node :99999993
MTEPS: 691.657360
Trial Time:	0.405459
---------------
node :2506988
MTEPS: 994.279521
Trial Time:	0.144506
---------------
node :34795232
MTEPS: 996.831553
Trial Time:	0.144136
---------------
node :3336557
MTEPS: 668.355903
Trial Time:	0.417050
---------------
node :77361704
MTEPS: 997.925386
Trial Time:	0.143978
---------------
node :18230792
MTEPS: 999.202669
Trial Time:	0.143794
---------------
node :4817126
MTEPS: 995.963821
Trial Time:	0.144261
---------------
node :61285552
MTEPS: 652.133934
Trial Time:	0.508679
---------------
node :26248854
MTEPS: 679.471656
Trial Time:	0.405076
---------------
node :64404520
MTEPS: 995.955053
Trial Time:	0.144262
---------------
node :46705872
MTEPS: 967.724917
Trial Time:	0.148471
Min time: 0.002032
Max time: 0.508679
Avg time: 0.250115
Avg MTEPS: 780.389713
Avg steps: 197701446
------------
omp_thread: 64
---------------
node :1
MTEPS: 948.905300
Trial Time:	0.389588
---------------
node :2
MTEPS: 879.306221
Trial Time:	0.365304
---------------
node :3
MTEPS: 1005.515274
Trial Time:	0.142891
---------------
node :4
MTEPS: 815.923304
Trial Time:	0.401375
---------------
node :5
MTEPS: 897.967747
Trial Time:	0.370515
---------------
node :99999997
MTEPS: 0.000000
Trial Time:	0.002130
---------------
node :99999996
MTEPS: 0.000000
Trial Time:	0.002140
---------------
node :99999995
MTEPS: 1007.719388
Trial Time:	0.142578
---------------
node :99999994
MTEPS: 1006.319311
Trial Time:	0.142777
---------------
node :99999993
MTEPS: 687.251720
Trial Time:	0.408059
---------------
node :2506988
MTEPS: 1008.928686
Trial Time:	0.142407
---------------
node :34795232
MTEPS: 998.012725
Trial Time:	0.143965
---------------
node :3336557
MTEPS: 634.809166
Trial Time:	0.439090
---------------
node :77361704
MTEPS: 1003.031183
Trial Time:	0.143245
---------------
node :18230792
MTEPS: 1008.877678
Trial Time:	0.142415
---------------
node :4817126
MTEPS: 995.104827
Trial Time:	0.144386
---------------
node :61285552
MTEPS: 866.017791
Trial Time:	0.383049
---------------
node :26248854
MTEPS: 840.706100
Trial Time:	0.327389
---------------
node :64404520
MTEPS: 1004.053983
Trial Time:	0.143099
---------------
node :46705872
MTEPS: 1003.028880
Trial Time:	0.143245
Min time: 0.002130
Max time: 0.439090
Avg time: 0.225982
Avg MTEPS: 830.573961
Avg steps: 197701446
------------
omp_thread: 128
---------------
node :1
MTEPS: 861.787944
Trial Time:	0.428971
---------------
node :2
MTEPS: 781.486846
Trial Time:	0.411030
---------------
node :3
MTEPS: 648.547840
Trial Time:	0.221539
---------------
node :4
MTEPS: 709.139438
Trial Time:	0.461815
---------------
node :5
MTEPS: 759.412629
Trial Time:	0.438116
---------------
node :99999997
MTEPS: 0.000000
Trial Time:	0.003343
---------------
node :99999996
MTEPS: 0.000000
Trial Time:	0.003164
---------------
node :99999995
MTEPS: 729.803654
Trial Time:	0.196873
---------------
node :99999994
MTEPS: 730.156543
Trial Time:	0.196778
---------------
node :99999993
MTEPS: 747.575387
Trial Time:	0.375131
---------------
node :2506988
MTEPS: 723.016104
Trial Time:	0.198722
---------------
node :34795232
MTEPS: 647.445623
Trial Time:	0.221917
---------------
node :3336557
MTEPS: 658.109490
Trial Time:	0.423544
---------------
node :77361704
MTEPS: 652.686890
Trial Time:	0.220135
---------------
node :18230792
MTEPS: 714.471856
Trial Time:	0.201098
---------------
node :4817126
MTEPS: 661.474531
Trial Time:	0.217210
---------------
node :61285552
MTEPS: 765.597363
Trial Time:	0.433291
---------------
node :26248854
MTEPS: 727.901677
Trial Time:	0.378125
---------------
node :64404520
MTEPS: 712.493041
Trial Time:	0.201657
---------------
node :46705872
MTEPS: 720.860172
Trial Time:	0.199316
Min time: 0.003164
Max time: 0.461815
Avg time: 0.271589
Avg MTEPS: 647.598348
Avg steps: 197701446
