reading file from rmat3.in
creating csr
create csr successfully
1 2 3 4 5 99997781 99997780 99997779 99997778 99997777 37475648 67127848 42757864 47288568 96562744 66231168 71826288 11250932 98461432 78001104 
------------
omp_thread: 1
---------------
node :1
MTEPS: 68.695251
Trial Time:	6.115299
---------------
node :2
MTEPS: 70.654104
Trial Time:	6.181414
---------------
node :3
MTEPS: 69.101915
Trial Time:	6.041120
---------------
node :4
MTEPS: 73.359083
Trial Time:	6.407335
---------------
node :5
MTEPS: 73.852385
Trial Time:	6.550665
---------------
node :99997781
MTEPS: 0.000000
Trial Time:	0.001636
---------------
node :99997780
MTEPS: 0.000000
Trial Time:	0.001633
---------------
node :99997779
MTEPS: 0.000000
Trial Time:	0.001654
---------------
node :99997778
MTEPS: 0.000000
Trial Time:	0.001637
---------------
node :99997777
MTEPS: 0.000000
Trial Time:	0.001646
---------------
node :37475648
MTEPS: 0.000000
Trial Time:	0.001628
---------------
node :67127848
MTEPS: 0.000000
Trial Time:	0.001642
---------------
node :42757864
MTEPS: 0.000000
Trial Time:	0.001638
---------------
node :47288568
MTEPS: 25.768743
Trial Time:	3.756611
---------------
node :96562744
MTEPS: 0.000000
Trial Time:	0.001637
---------------
node :66231168
MTEPS: 17.159915
Trial Time:	3.377939
---------------
node :71826288
MTEPS: 0.000000
Trial Time:	0.001638
---------------
node :11250932
MTEPS: 0.000000
Trial Time:	0.001626
---------------
node :98461432
MTEPS: 39.968771
Trial Time:	4.018609
---------------
node :78001104
MTEPS: 0.000000
Trial Time:	0.001654
Min time: 0.001626
Max time: 6.550665
Avg time: 2.123433
Avg MTEPS: 21.928008
Avg steps: 127174642
------------
omp_thread: 2
---------------
node :1
MTEPS: 126.980880
Trial Time:	3.308309
---------------
node :2
MTEPS: 128.645985
Trial Time:	3.394916
---------------
node :3
MTEPS: 126.279896
Trial Time:	3.305775
---------------
node :4
MTEPS: 134.516302
Trial Time:	3.494270
---------------
node :5
MTEPS: 133.936807
Trial Time:	3.612019
---------------
node :99997781
MTEPS: 0.000000
Trial Time:	0.001635
---------------
node :99997780
MTEPS: 0.000000
Trial Time:	0.001651
---------------
node :99997779
MTEPS: 0.000000
Trial Time:	0.001615
---------------
node :99997778
MTEPS: 0.000000
Trial Time:	0.001504
---------------
node :99997777
MTEPS: 0.000000
Trial Time:	0.001627
---------------
node :37475648
MTEPS: 0.000000
Trial Time:	0.001619
---------------
node :67127848
MTEPS: 0.000000
Trial Time:	0.001500
---------------
node :42757864
MTEPS: 0.000000
Trial Time:	0.001492
---------------
node :47288568
MTEPS: 45.245179
Trial Time:	2.139524
---------------
node :96562744
MTEPS: 0.000000
Trial Time:	0.001617
---------------
node :66231168
MTEPS: 29.627195
Trial Time:	1.956484
---------------
node :71826288
MTEPS: 0.000000
Trial Time:	0.001637
---------------
node :11250932
MTEPS: 0.000000
Trial Time:	0.001615
---------------
node :98461432
MTEPS: 71.317932
Trial Time:	2.252152
---------------
node :78001104
MTEPS: 0.000000
Trial Time:	0.001627
Min time: 0.001492
Max time: 3.612019
Avg time: 1.174129
Avg MTEPS: 39.827509
Avg steps: 127174642
------------
omp_thread: 4
---------------
node :1
MTEPS: 244.326323
Trial Time:	1.719389
---------------
node :2
MTEPS: 248.031907
Trial Time:	1.760831
---------------
node :3
MTEPS: 244.580212
Trial Time:	1.706814
---------------
node :4
MTEPS: 260.018763
Trial Time:	1.807701
---------------
node :5
MTEPS: 263.232245
Trial Time:	1.837853
---------------
node :99997781
MTEPS: 0.000000
Trial Time:	0.001511
---------------
node :99997780
MTEPS: 0.000000
Trial Time:	0.001510
---------------
node :99997779
MTEPS: 0.000000
Trial Time:	0.001496
---------------
node :99997778
MTEPS: 0.000000
Trial Time:	0.001517
---------------
node :99997777
MTEPS: 0.000000
Trial Time:	0.001536
---------------
node :37475648
MTEPS: 0.000000
Trial Time:	0.001523
---------------
node :67127848
MTEPS: 0.000000
Trial Time:	0.001505
---------------
node :42757864
MTEPS: 0.000000
Trial Time:	0.001514
---------------
node :47288568
MTEPS: 89.623146
Trial Time:	1.080113
---------------
node :96562744
MTEPS: 0.000000
Trial Time:	0.001525
---------------
node :66231168
MTEPS: 55.939493
Trial Time:	1.036212
---------------
node :71826288
MTEPS: 0.000000
Trial Time:	0.001502
---------------
node :11250932
MTEPS: 0.000000
Trial Time:	0.001504
---------------
node :98461432
MTEPS: 136.307727
Trial Time:	1.178355
---------------
node :78001104
MTEPS: 0.000000
Trial Time:	0.001521
Min time: 0.001496
Max time: 1.837853
Avg time: 0.607272
Avg MTEPS: 77.102991
Avg steps: 127174642
------------
omp_thread: 8
---------------
node :1
MTEPS: 428.228366
Trial Time:	0.981000
---------------
node :2
MTEPS: 437.181953
Trial Time:	0.998994
---------------
node :3
MTEPS: 420.282008
Trial Time:	0.993269
---------------
node :4
MTEPS: 449.088973
Trial Time:	1.046644
---------------
node :5
MTEPS: 452.100508
Trial Time:	1.070077
---------------
node :99997781
MTEPS: 0.000000
Trial Time:	0.001507
---------------
node :99997780
MTEPS: 0.000000
Trial Time:	0.001509
---------------
node :99997779
MTEPS: 0.000000
Trial Time:	0.001515
---------------
node :99997778
MTEPS: 0.000000
Trial Time:	0.001524
---------------
node :99997777
MTEPS: 0.000000
Trial Time:	0.001526
---------------
node :37475648
MTEPS: 0.000000
Trial Time:	0.001536
---------------
node :67127848
MTEPS: 0.000000
Trial Time:	0.001516
---------------
node :42757864
MTEPS: 0.000000
Trial Time:	0.001529
---------------
node :47288568
MTEPS: 139.314753
Trial Time:	0.694852
---------------
node :96562744
MTEPS: 0.000000
Trial Time:	0.001515
---------------
node :66231168
MTEPS: 82.271108
Trial Time:	0.704563
---------------
node :71826288
MTEPS: 0.000000
Trial Time:	0.001513
---------------
node :11250932
MTEPS: 0.000000
Trial Time:	0.001510
---------------
node :98461432
MTEPS: 223.220266
Trial Time:	0.719553
---------------
node :78001104
MTEPS: 0.000000
Trial Time:	0.001546
Min time: 0.001507
Max time: 1.070077
Avg time: 0.361360
Avg MTEPS: 131.584397
Avg steps: 127174642
------------
omp_thread: 16
---------------
node :1
MTEPS: 650.008743
Trial Time:	0.646287
---------------
node :2
MTEPS: 790.704578
Trial Time:	0.552346
---------------
node :3
MTEPS: 760.182825
Trial Time:	0.549148
---------------
node :4
MTEPS: 829.088199
Trial Time:	0.566932
---------------
node :5
MTEPS: 840.633889
Trial Time:	0.575497
---------------
node :99997781
MTEPS: 0.000000
Trial Time:	0.001531
---------------
node :99997780
MTEPS: 0.000000
Trial Time:	0.001556
---------------
node :99997779
MTEPS: 0.000000
Trial Time:	0.001513
---------------
node :99997778
MTEPS: 0.000000
Trial Time:	0.001538
---------------
node :99997777
MTEPS: 0.000000
Trial Time:	0.001520
---------------
node :37475648
MTEPS: 0.000000
Trial Time:	0.001510
---------------
node :67127848
MTEPS: 0.000000
Trial Time:	0.001512
---------------
node :42757864
MTEPS: 0.000000
Trial Time:	0.001526
---------------
node :47288568
MTEPS: 245.091793
Trial Time:	0.394967
---------------
node :96562744
MTEPS: 0.000000
Trial Time:	0.001524
---------------
node :66231168
MTEPS: 146.551145
Trial Time:	0.395528
---------------
node :71826288
MTEPS: 0.000000
Trial Time:	0.001519
---------------
node :11250932
MTEPS: 0.000000
Trial Time:	0.001517
---------------
node :98461432
MTEPS: 389.028283
Trial Time:	0.412872
---------------
node :78001104
MTEPS: 0.000000
Trial Time:	0.001542
Min time: 0.001510
Max time: 0.646287
Avg time: 0.205594
Avg MTEPS: 232.564473
Avg steps: 127174642
------------
omp_thread: 32
---------------
node :1
MTEPS: 1380.983163
Trial Time:	0.304198
---------------
node :2
MTEPS: 1410.954437
Trial Time:	0.309537
---------------
node :3
MTEPS: 1364.815383
Trial Time:	0.305868
---------------
node :4
MTEPS: 1491.815509
Trial Time:	0.315077
---------------
node :5
MTEPS: 1514.845622
Trial Time:	0.319361
---------------
node :99997781
MTEPS: 0.000000
Trial Time:	0.001636
---------------
node :99997780
MTEPS: 0.000000
Trial Time:	0.001617
---------------
node :99997779
MTEPS: 0.000000
Trial Time:	0.001643
---------------
node :99997778
MTEPS: 0.000000
Trial Time:	0.001624
---------------
node :99997777
MTEPS: 0.000000
Trial Time:	0.001618
---------------
node :37475648
MTEPS: 0.000000
Trial Time:	0.001650
---------------
node :67127848
MTEPS: 0.000000
Trial Time:	0.001630
---------------
node :42757864
MTEPS: 0.000000
Trial Time:	0.001620
---------------
node :47288568
MTEPS: 413.684699
Trial Time:	0.234002
---------------
node :96562744
MTEPS: 0.000000
Trial Time:	0.001623
---------------
node :66231168
MTEPS: 237.998487
Trial Time:	0.243553
---------------
node :71826288
MTEPS: 0.000000
Trial Time:	0.001628
---------------
node :11250932
MTEPS: 0.000000
Trial Time:	0.001629
---------------
node :98461432
MTEPS: 670.739482
Trial Time:	0.239465
---------------
node :78001104
MTEPS: 0.000000
Trial Time:	0.001619
Min time: 0.001617
Max time: 0.319361
Avg time: 0.114530
Avg MTEPS: 424.291839
Avg steps: 127174642
------------
omp_thread: 48
---------------
node :1
MTEPS: 1649.973119
Trial Time:	0.254605
---------------
node :2
MTEPS: 1807.499948
Trial Time:	0.241628
---------------
node :3
MTEPS: 1746.694104
Trial Time:	0.238996
---------------
node :4
MTEPS: 1925.878896
Trial Time:	0.244063
---------------
node :5
MTEPS: 1843.416258
Trial Time:	0.262438
---------------
node :99997781
MTEPS: 0.000000
Trial Time:	0.001825
---------------
node :99997780
MTEPS: 0.000000
Trial Time:	0.002071
---------------
node :99997779
MTEPS: 0.000000
Trial Time:	0.001837
---------------
node :99997778
MTEPS: 0.000000
Trial Time:	0.002071
---------------
node :99997777
MTEPS: 0.000000
Trial Time:	0.001822
---------------
node :37475648
MTEPS: 0.000000
Trial Time:	0.002076
---------------
node :67127848
MTEPS: 0.000000
Trial Time:	0.001825
---------------
node :42757864
MTEPS: 0.000000
Trial Time:	0.002089
---------------
node :47288568
MTEPS: 496.520548
Trial Time:	0.194963
---------------
node :96562744
MTEPS: 0.000000
Trial Time:	0.002078
---------------
node :66231168
MTEPS: 279.622709
Trial Time:	0.207298
---------------
node :71826288
MTEPS: 0.000000
Trial Time:	0.001843
---------------
node :11250932
MTEPS: 0.000000
Trial Time:	0.001872
---------------
node :98461432
MTEPS: 818.951416
Trial Time:	0.196127
---------------
node :78001104
MTEPS: 0.000000
Trial Time:	0.002091
Min time: 0.001822
Max time: 0.262438
Avg time: 0.093181
Avg MTEPS: 528.427850
Avg steps: 127174642
------------
omp_thread: 64
---------------
node :1
MTEPS: 2203.763820
Trial Time:	0.190625
---------------
node :2
MTEPS: 2254.615023
Trial Time:	0.193710
---------------
node :3
MTEPS: 2176.702627
Trial Time:	0.191782
---------------
node :4
MTEPS: 2406.591665
Trial Time:	0.195312
---------------
node :5
MTEPS: 2451.047695
Trial Time:	0.197378
---------------
node :99997781
MTEPS: 0.000000
Trial Time:	0.001981
---------------
node :99997780
MTEPS: 0.000000
Trial Time:	0.001958
---------------
node :99997779
MTEPS: 0.000000
Trial Time:	0.001971
---------------
node :99997778
MTEPS: 0.000000
Trial Time:	0.001961
---------------
node :99997777
MTEPS: 0.000000
Trial Time:	0.001959
---------------
node :37475648
MTEPS: 0.000000
Trial Time:	0.001974
---------------
node :67127848
MTEPS: 0.000000
Trial Time:	0.001951
---------------
node :42757864
MTEPS: 0.000000
Trial Time:	0.001957
---------------
node :47288568
MTEPS: 621.578644
Trial Time:	0.155738
---------------
node :96562744
MTEPS: 0.000000
Trial Time:	0.001954
---------------
node :66231168
MTEPS: 339.422011
Trial Time:	0.170776
---------------
node :71826288
MTEPS: 0.000000
Trial Time:	0.001953
---------------
node :11250932
MTEPS: 0.000000
Trial Time:	0.001982
---------------
node :98461432
MTEPS: 1041.213452
Trial Time:	0.154261
---------------
node :78001104
MTEPS: 0.000000
Trial Time:	0.001980
Min time: 0.001951
Max time: 0.197378
Avg time: 0.073658
Avg MTEPS: 674.746747
Avg steps: 127174642
------------
omp_thread: 128
---------------
node :1
MTEPS: 1556.251035
Trial Time:	0.269938
---------------
node :2
MTEPS: 1793.544541
Trial Time:	0.243508
---------------
node :3
MTEPS: 1634.626825
Trial Time:	0.255381
---------------
node :4
MTEPS: 2000.479065
Trial Time:	0.234962
---------------
node :5
MTEPS: 2029.072279
Trial Time:	0.238425
---------------
node :99997781
MTEPS: 0.000000
Trial Time:	0.002925
---------------
node :99997780
MTEPS: 0.000000
Trial Time:	0.002922
---------------
node :99997779
MTEPS: 0.000000
Trial Time:	0.002927
---------------
node :99997778
MTEPS: 0.000000
Trial Time:	0.003132
---------------
node :99997777
MTEPS: 0.000000
Trial Time:	0.002910
---------------
node :37475648
MTEPS: 0.000000
Trial Time:	0.002946
---------------
node :67127848
MTEPS: 0.000000
Trial Time:	0.002926
---------------
node :42757864
MTEPS: 0.000000
Trial Time:	0.004362
---------------
node :47288568
MTEPS: 475.078335
Trial Time:	0.203763
---------------
node :96562744
MTEPS: 0.000000
Trial Time:	0.003148
---------------
node :66231168
MTEPS: 267.655874
Trial Time:	0.216566
---------------
node :71826288
MTEPS: 0.000000
Trial Time:	0.003212
---------------
node :11250932
MTEPS: 0.000000
Trial Time:	0.002945
---------------
node :98461432
MTEPS: 810.549279
Trial Time:	0.198160
---------------
node :78001104
MTEPS: 0.000000
Trial Time:	0.003440
Min time: 0.002910
Max time: 0.269938
Avg time: 0.094925
Avg MTEPS: 528.362862
Avg steps: 127174642
reading file from rmat3.in
creating csr
create csr successfully
1 2 3 4 5 99997781 99997780 99997779 99997778 99997777 97511456 11478324 20330508 2316108 27530498 15218237 78432200 39272384 65559512 83120320 
------------
omp_thread: 1
---------------
node :1
MTEPS: 65.747552
Trial Time:	6.389470
---------------
node :2
MTEPS: 70.491640
Trial Time:	6.195661
---------------
node :3
MTEPS: 69.519439
Trial Time:	6.004838
---------------
node :4
MTEPS: 73.417371
Trial Time:	6.402248
---------------
node :5
MTEPS: 74.084457
Trial Time:	6.530145
---------------
node :99997781
MTEPS: 0.000000
Trial Time:	0.001643
---------------
node :99997780
MTEPS: 0.000000
Trial Time:	0.001623
---------------
node :99997779
MTEPS: 0.000000
Trial Time:	0.001640
---------------
node :99997778
MTEPS: 0.000000
Trial Time:	0.001629
---------------
node :99997777
MTEPS: 0.000000
Trial Time:	0.001627
---------------
node :97511456
MTEPS: 0.000000
Trial Time:	0.001649
---------------
node :11478324
MTEPS: 0.000000
Trial Time:	0.001637
---------------
node :20330508
MTEPS: 0.000000
Trial Time:	0.001625
---------------
node :2316108
MTEPS: 0.000000
Trial Time:	0.001631
---------------
node :27530498
MTEPS: 36.057654
Trial Time:	3.757201
---------------
node :15218237
MTEPS: 0.000000
Trial Time:	0.001615
---------------
node :78432200
MTEPS: 0.000000
Trial Time:	0.001645
---------------
node :39272384
MTEPS: 20.361089
Trial Time:	3.045466
---------------
node :65559512
MTEPS: 0.000000
Trial Time:	0.001633
---------------
node :83120320
MTEPS: 0.000000
Trial Time:	0.001625
Min time: 0.001615
Max time: 6.530145
Avg time: 1.917313
Avg MTEPS: 20.483960
Avg steps: 121279526
------------
omp_thread: 2
---------------
node :1
MTEPS: 124.930435
Trial Time:	3.362607
---------------
node :2
MTEPS: 128.790980
Trial Time:	3.391094
---------------
node :3
MTEPS: 127.007020
Trial Time:	3.286849
---------------
node :4
MTEPS: 132.787273
Trial Time:	3.539769
---------------
node :5
MTEPS: 136.112708
Trial Time:	3.554277
---------------
node :99997781
MTEPS: 0.000000
Trial Time:	0.001517
---------------
node :99997780
MTEPS: 0.000000
Trial Time:	0.001522
---------------
node :99997779
MTEPS: 0.000000
Trial Time:	0.001508
---------------
node :99997778
MTEPS: 0.000000
Trial Time:	0.001503
---------------
node :99997777
MTEPS: 0.000000
Trial Time:	0.001521
---------------
node :97511456
MTEPS: 0.000000
Trial Time:	0.001511
---------------
node :11478324
MTEPS: 0.000000
Trial Time:	0.001503
---------------
node :20330508
MTEPS: 0.000000
Trial Time:	0.001498
---------------
node :2316108
MTEPS: 0.000000
Trial Time:	0.001503
---------------
node :27530498
MTEPS: 62.337951
Trial Time:	2.173248
---------------
node :15218237
MTEPS: 0.000000
Trial Time:	0.001507
---------------
node :78432200
MTEPS: 0.000000
Trial Time:	0.001516
---------------
node :39272384
MTEPS: 35.775292
Trial Time:	1.733291
---------------
node :65559512
MTEPS: 0.000000
Trial Time:	0.001518
---------------
node :83120320
MTEPS: 0.000000
Trial Time:	0.001508
Min time: 0.001498
Max time: 3.554277
Avg time: 1.053039
Avg MTEPS: 37.387083
Avg steps: 121279526
------------
omp_thread: 4
---------------
node :1
MTEPS: 246.702927
Trial Time:	1.702825
---------------
node :2
MTEPS: 247.334255
Trial Time:	1.765798
---------------
node :3
MTEPS: 242.318479
Trial Time:	1.722745
---------------
node :4
MTEPS: 253.644426
Trial Time:	1.853131
---------------
node :5
MTEPS: 264.577500
Trial Time:	1.828509
---------------
node :99997781
MTEPS: 0.000000
Trial Time:	0.001507
---------------
node :99997780
MTEPS: 0.000000
Trial Time:	0.001533
---------------
node :99997779
MTEPS: 0.000000
Trial Time:	0.001509
---------------
node :99997778
MTEPS: 0.000000
Trial Time:	0.001522
---------------
node :99997777
MTEPS: 0.000000
Trial Time:	0.001505
---------------
node :97511456
MTEPS: 0.000000
Trial Time:	0.001509
---------------
node :11478324
MTEPS: 0.000000
Trial Time:	0.001502
---------------
node :20330508
MTEPS: 0.000000
Trial Time:	0.001518
---------------
node :2316108
MTEPS: 0.000000
Trial Time:	0.001501
---------------
node :27530498
MTEPS: 120.601973
Trial Time:	1.123330
---------------
node :15218237
MTEPS: 0.000000
Trial Time:	0.001509
---------------
node :78432200
MTEPS: 0.000000
Trial Time:	0.001526
---------------
node :39272384
MTEPS: 68.368995
Trial Time:	0.906975
---------------
node :65559512
MTEPS: 0.000000
Trial Time:	0.001524
---------------
node :83120320
MTEPS: 0.000000
Trial Time:	0.001521
Min time: 0.001501
Max time: 1.853131
Avg time: 0.546150
Avg MTEPS: 72.177428
Avg steps: 121279526
------------
omp_thread: 8
---------------
node :1
MTEPS: 424.577215
Trial Time:	0.989436
---------------
node :2
MTEPS: 432.481886
Trial Time:	1.009851
---------------
node :3
MTEPS: 426.982105
Trial Time:	0.977683
---------------
node :4
MTEPS: 458.711550
Trial Time:	1.024688
---------------
node :5
MTEPS: 464.851669
Trial Time:	1.040724
---------------
node :99997781
MTEPS: 0.000000
Trial Time:	0.001542
---------------
node :99997780
MTEPS: 0.000000
Trial Time:	0.001505
---------------
node :99997779
MTEPS: 0.000000
Trial Time:	0.001509
---------------
node :99997778
MTEPS: 0.000000
Trial Time:	0.001509
---------------
node :99997777
MTEPS: 0.000000
Trial Time:	0.004103
---------------
node :97511456
MTEPS: 0.000000
Trial Time:	0.001536
---------------
node :11478324
MTEPS: 0.000000
Trial Time:	0.001535
---------------
node :20330508
MTEPS: 0.000000
Trial Time:	0.001532
---------------
node :2316108
MTEPS: 0.000000
Trial Time:	0.001506
---------------
node :27530498
MTEPS: 192.859171
Trial Time:	0.702460
---------------
node :15218237
MTEPS: 0.000000
Trial Time:	0.001523
---------------
node :78432200
MTEPS: 0.000000
Trial Time:	0.001507
---------------
node :39272384
MTEPS: 106.977711
Trial Time:	0.579644
---------------
node :65559512
MTEPS: 0.000000
Trial Time:	0.001555
---------------
node :83120320
MTEPS: 0.000000
Trial Time:	0.001510
Min time: 0.001505
Max time: 1.040724
Avg time: 0.317343
Avg MTEPS: 125.372065
Avg steps: 121279526
------------
omp_thread: 16
---------------
node :1
MTEPS: 769.261317
Trial Time:	0.546098
---------------
node :2
MTEPS: 783.762502
Trial Time:	0.557238
---------------
node :3
MTEPS: 767.802339
Trial Time:	0.543698
---------------
node :4
MTEPS: 829.179669
Trial Time:	0.566869
---------------
node :5
MTEPS: 841.898480
Trial Time:	0.574633
---------------
node :99997781
MTEPS: 0.000000
Trial Time:	0.001559
---------------
node :99997780
MTEPS: 0.000000
Trial Time:	0.001554
---------------
node :99997779
MTEPS: 0.000000
Trial Time:	0.001522
---------------
node :99997778
MTEPS: 0.000000
Trial Time:	0.001521
---------------
node :99997777
MTEPS: 0.000000
Trial Time:	0.001530
---------------
node :97511456
MTEPS: 0.000000
Trial Time:	0.001532
---------------
node :11478324
MTEPS: 0.000000
Trial Time:	0.001542
---------------
node :20330508
MTEPS: 0.000000
Trial Time:	0.001560
---------------
node :2316108
MTEPS: 0.000000
Trial Time:	0.001525
---------------
node :27530498
MTEPS: 334.861824
Trial Time:	0.404572
---------------
node :15218237
MTEPS: 0.000000
Trial Time:	0.001512
---------------
node :78432200
MTEPS: 0.000000
Trial Time:	0.001543
---------------
node :39272384
MTEPS: 184.480500
Trial Time:	0.336128
---------------
node :65559512
MTEPS: 0.000000
Trial Time:	0.001519
---------------
node :83120320
MTEPS: 0.000000
Trial Time:	0.001518
Min time: 0.001512
Max time: 0.574633
Avg time: 0.177459
Avg MTEPS: 225.562332
Avg steps: 121279526
------------
omp_thread: 32
---------------
node :1
MTEPS: 1380.377009
Trial Time:	0.304331
---------------
node :2
MTEPS: 1410.050426
Trial Time:	0.309735
---------------
node :3
MTEPS: 1364.305787
Trial Time:	0.305982
---------------
node :4
MTEPS: 1487.732822
Trial Time:	0.315941
---------------
node :5
MTEPS: 1516.217654
Trial Time:	0.319072
---------------
node :99997781
MTEPS: 0.000000
Trial Time:	0.001650
---------------
node :99997780
MTEPS: 0.000000
Trial Time:	0.001686
---------------
node :99997779
MTEPS: 0.000000
Trial Time:	0.001657
---------------
node :99997778
MTEPS: 0.000000
Trial Time:	0.001651
---------------
node :99997777
MTEPS: 0.000000
Trial Time:	0.001662
---------------
node :97511456
MTEPS: 0.000000
Trial Time:	0.001658
---------------
node :11478324
MTEPS: 0.000000
Trial Time:	0.001691
---------------
node :20330508
MTEPS: 0.000000
Trial Time:	0.001701
---------------
node :2316108
MTEPS: 0.000000
Trial Time:	0.001650
---------------
node :27530498
MTEPS: 572.116307
Trial Time:	0.236798
---------------
node :15218237
MTEPS: 0.000000
Trial Time:	0.001654
---------------
node :78432200
MTEPS: 0.000000
Trial Time:	0.001671
---------------
node :39272384
MTEPS: 247.388629
Trial Time:	0.250654
---------------
node :65559512
MTEPS: 0.000000
Trial Time:	0.001648
---------------
node :83120320
MTEPS: 0.000000
Trial Time:	0.001682
Min time: 0.001648
Max time: 0.319072
Avg time: 0.103209
Avg MTEPS: 398.909432
Avg steps: 121279526
------------
omp_thread: 48
---------------
node :1
MTEPS: 1757.835479
Trial Time:	0.238983
---------------
node :2
MTEPS: 1801.085913
Trial Time:	0.242488
---------------
node :3
MTEPS: 1735.824395
Trial Time:	0.240493
---------------
node :4
MTEPS: 1437.102371
Trial Time:	0.327072
---------------
node :5
MTEPS: 1946.979900
Trial Time:	0.248478
---------------
node :99997781
MTEPS: 0.000000
Trial Time:	0.001867
---------------
node :99997780
MTEPS: 0.000000
Trial Time:	0.002122
---------------
node :99997779
MTEPS: 0.000000
Trial Time:	0.001896
---------------
node :99997778
MTEPS: 0.000000
Trial Time:	0.002124
---------------
node :99997777
MTEPS: 0.000000
Trial Time:	0.001893
---------------
node :97511456
MTEPS: 0.000000
Trial Time:	0.005081
---------------
node :11478324
MTEPS: 0.000000
Trial Time:	0.001902
---------------
node :20330508
MTEPS: 0.000000
Trial Time:	0.002159
---------------
node :2316108
MTEPS: 0.000000
Trial Time:	0.002322
---------------
node :27530498
MTEPS: 687.012019
Trial Time:	0.197196
---------------
node :15218237
MTEPS: 0.000000
Trial Time:	0.002140
---------------
node :78432200
MTEPS: 0.000000
Trial Time:	0.001867
---------------
node :39272384
MTEPS: 371.028753
Trial Time:	0.167127
---------------
node :65559512
MTEPS: 0.000000
Trial Time:	0.002155
---------------
node :83120320
MTEPS: 0.000000
Trial Time:	0.001871
Min time: 0.001867
Max time: 0.327072
Avg time: 0.084562
Avg MTEPS: 486.843441
Avg steps: 121279526
------------
omp_thread: 64
---------------
node :1
MTEPS: 2215.751699
Trial Time:	0.189593
---------------
node :2
MTEPS: 2265.382687
Trial Time:	0.192790
---------------
node :3
MTEPS: 1490.972264
Trial Time:	0.279987
---------------
node :4
MTEPS: 2404.373609
Trial Time:	0.195492
---------------
node :5
MTEPS: 2460.953702
Trial Time:	0.196583
---------------
node :99997781
MTEPS: 0.000000
Trial Time:	0.001990
---------------
node :99997780
MTEPS: 0.000000
Trial Time:	0.002020
---------------
node :99997779
MTEPS: 0.000000
Trial Time:	0.002003
---------------
node :99997778
MTEPS: 0.000000
Trial Time:	0.002005
---------------
node :99997777
MTEPS: 0.000000
Trial Time:	0.002008
---------------
node :97511456
MTEPS: 0.000000
Trial Time:	0.002006
---------------
node :11478324
MTEPS: 0.000000
Trial Time:	0.002003
---------------
node :20330508
MTEPS: 0.000000
Trial Time:	0.002011
---------------
node :2316108
MTEPS: 0.000000
Trial Time:	0.002015
---------------
node :27530498
MTEPS: 475.547287
Trial Time:	0.284884
---------------
node :15218237
MTEPS: 0.000000
Trial Time:	0.001999
---------------
node :78432200
MTEPS: 0.000000
Trial Time:	0.002004
---------------
node :39272384
MTEPS: 448.394630
Trial Time:	0.138291
---------------
node :65559512
MTEPS: 0.000000
Trial Time:	0.002015
---------------
node :83120320
MTEPS: 0.000000
Trial Time:	0.002019
Min time: 0.001990
Max time: 0.284884
Avg time: 0.075186
Avg MTEPS: 588.068794
Avg steps: 121279526
------------
omp_thread: 128
---------------
node :1
MTEPS: 1585.164528
Trial Time:	0.265015
---------------
node :2
MTEPS: 1151.204655
Trial Time:	0.379378
---------------
node :3
MTEPS: 1603.972398
Trial Time:	0.260262
---------------
node :4
MTEPS: 1984.743465
Trial Time:	0.236825
---------------
node :5
MTEPS: 1997.726439
Trial Time:	0.242166
---------------
node :99997781
MTEPS: 0.000000
Trial Time:	0.021278
---------------
node :99997780
MTEPS: 0.000000
Trial Time:	0.003017
---------------
node :99997779
MTEPS: 0.000000
Trial Time:	0.003021
---------------
node :99997778
MTEPS: 0.000000
Trial Time:	0.002999
---------------
node :99997777
MTEPS: 0.000000
Trial Time:	0.003024
---------------
node :97511456
MTEPS: 0.000000
Trial Time:	0.003012
---------------
node :11478324
MTEPS: 0.000000
Trial Time:	0.003019
---------------
node :20330508
MTEPS: 0.000000
Trial Time:	0.002995
---------------
node :2316108
MTEPS: 0.000000
Trial Time:	0.003014
---------------
node :27530498
MTEPS: 678.523017
Trial Time:	0.199663
---------------
node :15218237
MTEPS: 0.000000
Trial Time:	0.003128
---------------
node :78432200
MTEPS: 0.000000
Trial Time:	0.003008
---------------
node :39272384
MTEPS: 353.859782
Trial Time:	0.175236
---------------
node :65559512
MTEPS: 0.000000
Trial Time:	0.003095
---------------
node :83120320
MTEPS: 0.000000
Trial Time:	0.003026
Min time: 0.002995
Max time: 0.379378
Avg time: 0.090809
Avg MTEPS: 467.759714
Avg steps: 121279526
reading file from rmat3.in
creating csr
create csr successfully
1 2 3 4 5 64 29 26 51 40 39 84 47 55 25 96 74 92 71 48 
------------
omp_thread: 1
---------------
node :1
MTEPS: 65.688737
Trial Time:	6.395191
---------------
node :2
MTEPS: 70.331554
Trial Time:	6.209763
---------------
node :3
MTEPS: 69.322534
Trial Time:	6.021894
---------------
node :4
MTEPS: 73.482938
Trial Time:	6.396536
---------------
node :5
MTEPS: 74.163979
Trial Time:	6.523143
---------------
node :64
MTEPS: 22.159171
Trial Time:	3.068027
---------------
node :29
MTEPS: 26.725975
Trial Time:	3.209136
---------------
node :26
MTEPS: 61.162803
Trial Time:	5.117564
---------------
node :51
MTEPS: 62.418797
Trial Time:	5.215524
---------------
node :40
MTEPS: 19.391732
Trial Time:	2.969608
---------------
node :39
MTEPS: 24.075560
Trial Time:	3.227006
---------------
node :84
MTEPS: 23.688018
Trial Time:	3.197039
---------------
node :47
MTEPS: 18.046720
Trial Time:	3.119015
---------------
node :55
MTEPS: 24.503839
Trial Time:	3.113569
---------------
node :25
MTEPS: 60.792065
Trial Time:	5.231595
---------------
node :96
MTEPS: 50.274907
Trial Time:	4.444432
---------------
node :74
MTEPS: 19.228577
Trial Time:	3.041549
---------------
node :92
MTEPS: 18.646971
Trial Time:	3.372452
---------------
node :71
MTEPS: 16.904235
Trial Time:	3.402868
---------------
node :48
MTEPS: 51.699463
Trial Time:	4.665129
Min time: 2.969608
Max time: 6.523143
Avg time: 4.397052
Avg MTEPS: 42.635429
Avg steps: 216278099
------------
omp_thread: 2
---------------
node :1
MTEPS: 127.214366
Trial Time:	3.302237
---------------
node :2
MTEPS: 130.209749
Trial Time:	3.354144
---------------
node :3
MTEPS: 125.375731
Trial Time:	3.329615
---------------
node :4
MTEPS: 134.977018
Trial Time:	3.482343
---------------
node :5
MTEPS: 136.178721
Trial Time:	3.552554
---------------
node :64
MTEPS: 39.224229
Trial Time:	1.733238
---------------
node :29
MTEPS: 47.807929
Trial Time:	1.793997
---------------
node :26
MTEPS: 110.317277
Trial Time:	2.837312
---------------
node :51
MTEPS: 112.071960
Trial Time:	2.904801
---------------
node :40
MTEPS: 33.077433
Trial Time:	1.740940
---------------
node :39
MTEPS: 43.421404
Trial Time:	1.789255
---------------
node :84
MTEPS: 42.362738
Trial Time:	1.787692
---------------
node :47
MTEPS: 32.243609
Trial Time:	1.745710
---------------
node :55
MTEPS: 43.498185
Trial Time:	1.753967
---------------
node :25
MTEPS: 111.024652
Trial Time:	2.864584
---------------
node :96
MTEPS: 89.330168
Trial Time:	2.501321
---------------
node :74
MTEPS: 33.791561
Trial Time:	1.730748
---------------
node :92
MTEPS: 31.930383
Trial Time:	1.969472
---------------
node :71
MTEPS: 29.581422
Trial Time:	1.944561
---------------
node :48
MTEPS: 94.290051
Trial Time:	2.557901
Min time: 1.730748
Max time: 3.552554
Avg time: 2.433820
Avg MTEPS: 77.396429
Avg steps: 216278099
------------
omp_thread: 4
---------------
node :1
MTEPS: 246.735868
Trial Time:	1.702598
---------------
node :2
MTEPS: 247.395366
Trial Time:	1.765362
---------------
node :3
MTEPS: 240.714833
Trial Time:	1.734222
---------------
node :4
MTEPS: 254.425953
Trial Time:	1.847438
---------------
node :5
MTEPS: 264.554503
Trial Time:	1.828668
---------------
node :64
MTEPS: 75.104784
Trial Time:	0.905201
---------------
node :29
MTEPS: 91.597361
Trial Time:	0.936351
---------------
node :26
MTEPS: 212.992251
Trial Time:	1.469558
---------------
node :51
MTEPS: 216.085312
Trial Time:	1.506566
---------------
node :40
MTEPS: 63.542036
Trial Time:	0.906264
---------------
node :39
MTEPS: 84.534946
Trial Time:	0.919052
---------------
node :84
MTEPS: 82.652522
Trial Time:	0.916264
---------------
node :47
MTEPS: 61.628982
Trial Time:	0.913336
---------------
node :55
MTEPS: 82.600938
Trial Time:	0.923650
---------------
node :25
MTEPS: 214.571308
Trial Time:	1.482209
---------------
node :96
MTEPS: 171.297473
Trial Time:	1.304417
---------------
node :74
MTEPS: 64.648827
Trial Time:	0.904652
---------------
node :92
MTEPS: 60.335887
Trial Time:	1.042265
---------------
node :71
MTEPS: 56.109632
Trial Time:	1.025187
---------------
node :48
MTEPS: 180.226936
Trial Time:	1.338227
Min time: 0.904652
Max time: 1.847438
Avg time: 1.268574
Avg MTEPS: 148.587786
Avg steps: 216278099
------------
omp_thread: 8
---------------
node :1
MTEPS: 428.453298
Trial Time:	0.980485
---------------
node :2
MTEPS: 431.564260
Trial Time:	1.011998
---------------
node :3
MTEPS: 425.988817
Trial Time:	0.979962
---------------
node :4
MTEPS: 459.976734
Trial Time:	1.021870
---------------
node :5
MTEPS: 448.733167
Trial Time:	1.078107
---------------
node :64
MTEPS: 114.452435
Trial Time:	0.594002
---------------
node :29
MTEPS: 145.982580
Trial Time:	0.587517
---------------
node :26
MTEPS: 348.116121
Trial Time:	0.899138
---------------
node :51
MTEPS: 352.089725
Trial Time:	0.924613
---------------
node :40
MTEPS: 100.831585
Trial Time:	0.571109
---------------
node :39
MTEPS: 132.897144
Trial Time:	0.584602
---------------
node :84
MTEPS: 130.522440
Trial Time:	0.580218
---------------
node :47
MTEPS: 96.538961
Trial Time:	0.583060
---------------
node :55
MTEPS: 131.938583
Trial Time:	0.578257
---------------
node :25
MTEPS: 368.811477
Trial Time:	0.862336
---------------
node :96
MTEPS: 288.961139
Trial Time:	0.773265
---------------
node :74
MTEPS: 102.703570
Trial Time:	0.569451
---------------
node :92
MTEPS: 95.197982
Trial Time:	0.660581
---------------
node :71
MTEPS: 87.661027
Trial Time:	0.656197
---------------
node :48
MTEPS: 306.444981
Trial Time:	0.787041
Min time: 0.569451
Max time: 1.078107
Avg time: 0.764190
Avg MTEPS: 249.893301
Avg steps: 216278099
------------
omp_thread: 16
---------------
node :1
MTEPS: 778.766274
Trial Time:	0.539433
---------------
node :2
MTEPS: 774.062018
Trial Time:	0.564221
---------------
node :3
MTEPS: 769.631373
Trial Time:	0.542406
---------------
node :4
MTEPS: 831.984735
Trial Time:	0.564958
---------------
node :5
MTEPS: 817.387246
Trial Time:	0.591864
---------------
node :64
MTEPS: 203.393722
Trial Time:	0.334253
---------------
node :29
MTEPS: 251.872979
Trial Time:	0.340518
---------------
node :26
MTEPS: 652.933662
Trial Time:	0.479382
---------------
node :51
MTEPS: 652.706674
Trial Time:	0.498764
---------------
node :40
MTEPS: 169.928798
Trial Time:	0.338882
---------------
node :39
MTEPS: 232.563299
Trial Time:	0.334068
---------------
node :84
MTEPS: 225.837784
Trial Time:	0.335336
---------------
node :47
MTEPS: 164.027053
Trial Time:	0.343163
---------------
node :55
MTEPS: 226.016430
Trial Time:	0.337561
---------------
node :25
MTEPS: 660.737031
Trial Time:	0.481340
---------------
node :96
MTEPS: 506.397776
Trial Time:	0.441241
---------------
node :74
MTEPS: 175.169569
Trial Time:	0.333875
---------------
node :92
MTEPS: 158.510589
Trial Time:	0.396731
---------------
node :71
MTEPS: 145.074531
Trial Time:	0.396506
---------------
node :48
MTEPS: 539.603004
Trial Time:	0.446967
Min time: 0.333875
Max time: 0.591864
Avg time: 0.432073
Avg MTEPS: 446.830228
Avg steps: 216278099
------------
omp_thread: 32
---------------
node :1
MTEPS: 1373.615549
Trial Time:	0.305829
---------------
node :2
MTEPS: 1413.382792
Trial Time:	0.309005
---------------
node :3
MTEPS: 1370.162084
Trial Time:	0.304674
---------------
node :4
MTEPS: 1494.380746
Trial Time:	0.314536
---------------
node :5
MTEPS: 1469.075683
Trial Time:	0.329311
---------------
node :64
MTEPS: 344.116788
Trial Time:	0.197564
---------------
node :29
MTEPS: 424.387242
Trial Time:	0.202097
---------------
node :26
MTEPS: 1154.107615
Trial Time:	0.271209
---------------
node :51
MTEPS: 1163.806284
Trial Time:	0.279726
---------------
node :40
MTEPS: 276.878944
Trial Time:	0.207982
---------------
node :39
MTEPS: 390.936114
Trial Time:	0.198733
---------------
node :84
MTEPS: 378.628075
Trial Time:	0.200016
---------------
node :47
MTEPS: 269.170642
Trial Time:	0.209116
---------------
node :55
MTEPS: 372.979981
Trial Time:	0.204554
---------------
node :25
MTEPS: 1160.180281
Trial Time:	0.274129
---------------
node :96
MTEPS: 877.632044
Trial Time:	0.254598
---------------
node :74
MTEPS: 287.030870
Trial Time:	0.203757
---------------
node :92
MTEPS: 258.405035
Trial Time:	0.243362
---------------
node :71
MTEPS: 235.990684
Trial Time:	0.243751
---------------
node :48
MTEPS: 937.636984
Trial Time:	0.257226
Min time: 0.197564
Max time: 0.329311
Avg time: 0.250559
Avg MTEPS: 782.625223
Avg steps: 216278099
------------
omp_thread: 48
---------------
node :1
MTEPS: 1751.470420
Trial Time:	0.239851
---------------
node :2
MTEPS: 1795.956931
Trial Time:	0.243181
---------------
node :3
MTEPS: 1733.341705
Trial Time:	0.240837
---------------
node :4
MTEPS: 1917.513835
Trial Time:	0.245128
---------------
node :5
MTEPS: 1947.482919
Trial Time:	0.248414
---------------
node :64
MTEPS: 414.583422
Trial Time:	0.163984
---------------
node :29
MTEPS: 503.218438
Trial Time:	0.170438
---------------
node :26
MTEPS: 1434.696826
Trial Time:	0.218168
---------------
node :51
MTEPS: 1483.534807
Trial Time:	0.219440
---------------
node :40
MTEPS: 332.368566
Trial Time:	0.173259
---------------
node :39
MTEPS: 465.137878
Trial Time:	0.167030
---------------
node :84
MTEPS: 447.332843
Trial Time:	0.169296
---------------
node :47
MTEPS: 332.580625
Trial Time:	0.169246
---------------
node :55
MTEPS: 452.578800
Trial Time:	0.168577
---------------
node :25
MTEPS: 1458.053959
Trial Time:	0.218126
---------------
node :96
MTEPS: 1005.741249
Trial Time:	0.222168
---------------
node :74
MTEPS: 345.381182
Trial Time:	0.169334
---------------
node :92
MTEPS: 301.331165
Trial Time:	0.208694
---------------
node :71
MTEPS: 272.370296
Trial Time:	0.211194
---------------
node :48
MTEPS: 1153.930485
Trial Time:	0.209011
Min time: 0.163984
Max time: 0.248414
Avg time: 0.203769
Avg MTEPS: 977.430318
Avg steps: 216278099
------------
omp_thread: 64
---------------
node :1
MTEPS: 1797.217350
Trial Time:	0.233746
---------------
node :2
MTEPS: 2259.639752
Trial Time:	0.193280
---------------
node :3
MTEPS: 2166.050433
Trial Time:	0.192725
---------------
node :4
MTEPS: 2401.478600
Trial Time:	0.195728
---------------
node :5
MTEPS: 2178.344014
Trial Time:	0.222087
---------------
node :64
MTEPS: 494.027411
Trial Time:	0.137614
---------------
node :29
MTEPS: 598.064442
Trial Time:	0.143408
---------------
node :26
MTEPS: 1810.600557
Trial Time:	0.172873
---------------
node :51
MTEPS: 1876.131540
Trial Time:	0.173520
---------------
node :40
MTEPS: 396.549337
Trial Time:	0.145217
---------------
node :39
MTEPS: 334.475459
Trial Time:	0.232280
---------------
node :84
MTEPS: 536.628595
Trial Time:	0.141125
---------------
node :47
MTEPS: 395.921159
Trial Time:	0.142170
---------------
node :55
MTEPS: 542.604042
Trial Time:	0.140608
---------------
node :25
MTEPS: 1845.904667
Trial Time:	0.172295
---------------
node :96
MTEPS: 1351.391334
Trial Time:	0.165343
---------------
node :74
MTEPS: 411.052907
Trial Time:	0.142280
---------------
node :92
MTEPS: 189.572512
Trial Time:	0.331725
---------------
node :71
MTEPS: 333.928525
Trial Time:	0.172261
---------------
node :48
MTEPS: 1459.506023
Trial Time:	0.165251
Min time: 0.137614
Max time: 0.331725
Avg time: 0.180777
Avg MTEPS: 1168.954435
Avg steps: 216278099
------------
omp_thread: 128
---------------
node :1
MTEPS: 1831.721579
Trial Time:	0.229343
---------------
node :2
MTEPS: 1860.662329
Trial Time:	0.234724
---------------
node :3
MTEPS: 1781.993559
Trial Time:	0.234262
---------------
node :4
MTEPS: 1984.876885
Trial Time:	0.236809
---------------
node :5
MTEPS: 2038.803780
Trial Time:	0.237287
---------------
node :64
MTEPS: 376.705580
Trial Time:	0.180472
---------------
node :29
MTEPS: 443.408710
Trial Time:	0.193427
---------------
node :26
MTEPS: 1007.734936
Trial Time:	0.310602
---------------
node :51
MTEPS: 1490.158730
Trial Time:	0.218464
---------------
node :40
MTEPS: 313.413670
Trial Time:	0.183737
---------------
node :39
MTEPS: 359.963061
Trial Time:	0.215833
---------------
node :84
MTEPS: 365.825163
Trial Time:	0.207016
---------------
node :47
MTEPS: 315.370772
Trial Time:	0.178482
---------------
node :55
MTEPS: 405.335862
Trial Time:	0.188225
---------------
node :25
MTEPS: 1446.609649
Trial Time:	0.219852
---------------
node :96
MTEPS: 1046.977005
Trial Time:	0.213418
---------------
node :74
MTEPS: 283.949784
Trial Time:	0.205968
---------------
node :92
MTEPS: 260.593762
Trial Time:	0.241318
---------------
node :71
MTEPS: 254.935789
Trial Time:	0.225637
---------------
node :48
MTEPS: 1132.510064
Trial Time:	0.212965
Min time: 0.178482
Max time: 0.310602
Avg time: 0.218392
Avg MTEPS: 950.077535
Avg steps: 216278099
reading file from rmat3.in
creating csr
create csr successfully
1 2 3 4 5 67 89 10 58 33 96 56 76 37 66 64 87 81 91 28 
------------
omp_thread: 1
---------------
node :1
MTEPS: 68.000630
Trial Time:	6.177766
---------------
node :2
MTEPS: 67.559493
Trial Time:	6.464558
---------------
node :3
MTEPS: 68.627887
Trial Time:	6.082847
---------------
node :4
MTEPS: 73.264001
Trial Time:	6.415651
---------------
node :5
MTEPS: 73.868562
Trial Time:	6.549230
---------------
node :67
MTEPS: 22.260629
Trial Time:	3.054155
---------------
node :89
MTEPS: 20.187882
Trial Time:	3.370804
---------------
node :10
MTEPS: 24.235412
Trial Time:	3.090731
---------------
node :58
MTEPS: 22.265400
Trial Time:	3.032532
---------------
node :33
MTEPS: 25.232110
Trial Time:	3.119899
---------------
node :96
MTEPS: 50.801558
Trial Time:	4.398357
---------------
node :56
MTEPS: 26.872635
Trial Time:	3.171233
---------------
node :76
MTEPS: 20.545706
Trial Time:	3.028391
---------------
node :37
MTEPS: 24.631063
Trial Time:	3.106853
---------------
node :66
MTEPS: 24.804432
Trial Time:	3.111079
---------------
node :64
MTEPS: 22.353273
Trial Time:	3.041386
---------------
node :87
MTEPS: 19.860707
Trial Time:	2.995843
---------------
node :81
MTEPS: 19.175768
Trial Time:	3.026396
---------------
node :91
MTEPS: 18.474442
Trial Time:	3.052907
---------------
node :28
MTEPS: 24.301154
Trial Time:	3.226437
Min time: 2.995843
Max time: 6.549230
Avg time: 3.975853
Avg MTEPS: 35.866137
Avg steps: 171509577
------------
omp_thread: 2
---------------
node :1
MTEPS: 127.200054
Trial Time:	3.302609
---------------
node :2
MTEPS: 129.803023
Trial Time:	3.364654
---------------
node :3
MTEPS: 126.069618
Trial Time:	3.311289
---------------
node :4
MTEPS: 134.907760
Trial Time:	3.484130
---------------
node :5
MTEPS: 136.269314
Trial Time:	3.550192
---------------
node :67
MTEPS: 39.440224
Trial Time:	1.723809
---------------
node :89
MTEPS: 34.400206
Trial Time:	1.978168
---------------
node :10
MTEPS: 42.989229
Trial Time:	1.742416
---------------
node :58
MTEPS: 38.815730
Trial Time:	1.739515
---------------
node :33
MTEPS: 44.276739
Trial Time:	1.777946
---------------
node :96
MTEPS: 89.262994
Trial Time:	2.503203
---------------
node :56
MTEPS: 46.608724
Trial Time:	1.828400
---------------
node :76
MTEPS: 36.037508
Trial Time:	1.726546
---------------
node :37
MTEPS: 43.807608
Trial Time:	1.746845
---------------
node :66
MTEPS: 44.152743
Trial Time:	1.747763
---------------
node :64
MTEPS: 39.109709
Trial Time:	1.738314
---------------
node :87
MTEPS: 34.278812
Trial Time:	1.735753
---------------
node :81
MTEPS: 33.842592
Trial Time:	1.714806
---------------
node :91
MTEPS: 32.646634
Trial Time:	1.727613
---------------
node :28
MTEPS: 44.668721
Trial Time:	1.755281
Min time: 1.714806
Max time: 3.550192
Avg time: 2.209963
Avg MTEPS: 64.929397
Avg steps: 171509577
------------
omp_thread: 4
---------------
node :1
MTEPS: 246.807453
Trial Time:	1.702104
---------------
node :2
MTEPS: 252.800935
Trial Time:	1.727613
---------------
node :3
MTEPS: 246.725043
Trial Time:	1.691976
---------------
node :4
MTEPS: 261.813175
Trial Time:	1.795312
---------------
node :5
MTEPS: 263.891031
Trial Time:	1.833265
---------------
node :67
MTEPS: 75.660323
Trial Time:	0.898587
---------------
node :89
MTEPS: 64.788216
Trial Time:	1.050336
---------------
node :10
MTEPS: 80.986146
Trial Time:	0.924913
---------------
node :58
MTEPS: 73.339361
Trial Time:	0.920659
---------------
node :33
MTEPS: 85.762926
Trial Time:	0.917898
---------------
node :96
MTEPS: 173.270245
Trial Time:	1.289566
---------------
node :56
MTEPS: 91.949250
Trial Time:	0.926809
---------------
node :76
MTEPS: 69.370887
Trial Time:	0.896924
---------------
node :37
MTEPS: 84.106731
Trial Time:	0.909857
---------------
node :66
MTEPS: 84.650472
Trial Time:	0.911614
---------------
node :64
MTEPS: 75.062563
Trial Time:	0.905710
---------------
node :87
MTEPS: 66.082209
Trial Time:	0.900387
---------------
node :81
MTEPS: 64.883106
Trial Time:	0.894431
---------------
node :91
MTEPS: 62.562920
Trial Time:	0.901505
---------------
node :28
MTEPS: 85.530801
Trial Time:	0.916701
Min time: 0.894431
Max time: 1.833265
Avg time: 1.145808
Avg MTEPS: 125.502190
Avg steps: 171509577
------------
omp_thread: 8
---------------
node :1
MTEPS: 426.242986
Trial Time:	0.985569
---------------
node :2
MTEPS: 437.886252
Trial Time:	0.997387
---------------
node :3
MTEPS: 425.790311
Trial Time:	0.980419
---------------
node :4
MTEPS: 457.263520
Trial Time:	1.027933
---------------
node :5
MTEPS: 465.988826
Trial Time:	1.038184
---------------
node :67
MTEPS: 118.593640
Trial Time:	0.573280
---------------
node :89
MTEPS: 103.288119
Trial Time:	0.658831
---------------
node :10
MTEPS: 131.066772
Trial Time:	0.571504
---------------
node :58
MTEPS: 115.157251
Trial Time:	0.586333
---------------
node :33
MTEPS: 136.218209
Trial Time:	0.577908
---------------
node :96
MTEPS: 290.543863
Trial Time:	0.769052
---------------
node :56
MTEPS: 145.646827
Trial Time:	0.585110
---------------
node :76
MTEPS: 108.752778
Trial Time:	0.572127
---------------
node :37
MTEPS: 127.667475
Trial Time:	0.599409
---------------
node :66
MTEPS: 134.122686
Trial Time:	0.575358
---------------
node :64
MTEPS: 111.270874
Trial Time:	0.610986
---------------
node :87
MTEPS: 104.170214
Trial Time:	0.571176
---------------
node :81
MTEPS: 102.116121
Trial Time:	0.568309
---------------
node :91
MTEPS: 91.407448
Trial Time:	0.617026
---------------
node :28
MTEPS: 135.130510
Trial Time:	0.580225
Min time: 0.568309
Max time: 1.038184
Avg time: 0.702306
Avg MTEPS: 208.416235
Avg steps: 171509577
------------
omp_thread: 16
---------------
node :1
MTEPS: 770.363347
Trial Time:	0.545317
---------------
node :2
MTEPS: 793.421400
Trial Time:	0.550454
---------------
node :3
MTEPS: 770.037312
Trial Time:	0.542120
---------------
node :4
MTEPS: 832.665383
Trial Time:	0.564496
---------------
node :5
MTEPS: 845.228927
Trial Time:	0.572368
---------------
node :67
MTEPS: 203.062666
Trial Time:	0.334810
---------------
node :89
MTEPS: 174.041675
Trial Time:	0.390995
---------------
node :10
MTEPS: 224.097464
Trial Time:	0.334252
---------------
node :58
MTEPS: 199.673237
Trial Time:	0.338155
---------------
node :33
MTEPS: 236.490840
Trial Time:	0.332874
---------------
node :96
MTEPS: 509.292013
Trial Time:	0.438733
---------------
node :56
MTEPS: 251.986783
Trial Time:	0.338190
---------------
node :76
MTEPS: 185.033493
Trial Time:	0.336266
---------------
node :37
MTEPS: 227.496893
Trial Time:	0.336379
---------------
node :66
MTEPS: 228.792157
Trial Time:	0.337287
---------------
node :64
MTEPS: 204.298042
Trial Time:	0.332773
---------------
node :87
MTEPS: 172.389403
Trial Time:	0.345146
---------------
node :81
MTEPS: 172.454758
Trial Time:	0.336514
---------------
node :91
MTEPS: 167.121654
Trial Time:	0.337483
---------------
node :28
MTEPS: 221.376108
Trial Time:	0.354176
Min time: 0.332773
Max time: 0.572368
Avg time: 0.399939
Avg MTEPS: 369.466179
Avg steps: 171509577
------------
omp_thread: 32
---------------
node :1
MTEPS: 1388.179819
Trial Time:	0.302621
---------------
node :2
MTEPS: 1416.202324
Trial Time:	0.308390
---------------
node :3
MTEPS: 1305.592751
Trial Time:	0.319742
---------------
node :4
MTEPS: 1494.087563
Trial Time:	0.314598
---------------
node :5
MTEPS: 1515.657182
Trial Time:	0.319190
---------------
node :67
MTEPS: 342.375802
Trial Time:	0.198575
---------------
node :89
MTEPS: 285.501648
Trial Time:	0.238350
---------------
node :10
MTEPS: 369.653519
Trial Time:	0.202636
---------------
node :58
MTEPS: 331.654400
Trial Time:	0.203587
---------------
node :33
MTEPS: 390.487783
Trial Time:	0.201598
---------------
node :96
MTEPS: 878.337852
Trial Time:	0.254393
---------------
node :56
MTEPS: 420.777815
Trial Time:	0.202528
---------------
node :76
MTEPS: 312.678475
Trial Time:	0.198992
---------------
node :37
MTEPS: 353.391729
Trial Time:	0.216545
---------------
node :66
MTEPS: 384.989623
Trial Time:	0.200443
---------------
node :64
MTEPS: 345.091728
Trial Time:	0.197005
---------------
node :87
MTEPS: 296.788843
Trial Time:	0.200478
---------------
node :81
MTEPS: 284.500682
Trial Time:	0.203984
---------------
node :91
MTEPS: 276.653998
Trial Time:	0.203868
---------------
node :28
MTEPS: 387.622341
Trial Time:	0.202275
Min time: 0.197005
Max time: 0.319742
Avg time: 0.234490
Avg MTEPS: 639.011296
Avg steps: 171509577
------------
omp_thread: 48
---------------
node :1
MTEPS: 1757.689646
Trial Time:	0.239002
---------------
node :2
MTEPS: 1777.035079
Trial Time:	0.245770
---------------
node :3
MTEPS: 1746.052291
Trial Time:	0.239084
---------------
node :4
MTEPS: 1923.355060
Trial Time:	0.244383
---------------
node :5
MTEPS: 1957.903592
Trial Time:	0.247092
---------------
node :67
MTEPS: 414.031811
Trial Time:	0.164208
---------------
node :89
MTEPS: 336.453629
Trial Time:	0.202255
---------------
node :10
MTEPS: 450.468811
Trial Time:	0.166283
---------------
node :58
MTEPS: 399.168655
Trial Time:	0.169153
---------------
node :33
MTEPS: 469.192828
Trial Time:	0.167781
---------------
node :96
MTEPS: 1080.018342
Trial Time:	0.206889
---------------
node :56
MTEPS: 505.209496
Trial Time:	0.168681
---------------
node :76
MTEPS: 380.926362
Trial Time:	0.163340
---------------
node :37
MTEPS: 462.114848
Trial Time:	0.165598
---------------
node :66
MTEPS: 459.067058
Trial Time:	0.168099
---------------
node :64
MTEPS: 415.157607
Trial Time:	0.163757
---------------
node :87
MTEPS: 354.324794
Trial Time:	0.167924
---------------
node :81
MTEPS: 345.758499
Trial Time:	0.167844
---------------
node :91
MTEPS: 336.177510
Trial Time:	0.167771
---------------
node :28
MTEPS: 456.936952
Trial Time:	0.171591
Min time: 0.163340
Max time: 0.247092
Avg time: 0.189825
Avg MTEPS: 801.352146
Avg steps: 171509577
------------
omp_thread: 64
---------------
node :1
MTEPS: 2205.469968
Trial Time:	0.190477
---------------
node :2
MTEPS: 2254.740011
Trial Time:	0.193700
---------------
node :3
MTEPS: 2176.047608
Trial Time:	0.191840
---------------
node :4
MTEPS: 2408.270051
Trial Time:	0.195176
---------------
node :5
MTEPS: 2454.966395
Trial Time:	0.197063
---------------
node :67
MTEPS: 500.536015
Trial Time:	0.135829
---------------
node :89
MTEPS: 419.557004
Trial Time:	0.162193
---------------
node :10
MTEPS: 533.706388
Trial Time:	0.140349
---------------
node :58
MTEPS: 474.542034
Trial Time:	0.142286
---------------
node :33
MTEPS: 556.403840
Trial Time:	0.141483
---------------
node :96
MTEPS: 1362.766878
Trial Time:	0.163963
---------------
node :56
MTEPS: 596.306695
Trial Time:	0.142912
---------------
node :76
MTEPS: 455.141451
Trial Time:	0.136706
---------------
node :37
MTEPS: 548.036820
Trial Time:	0.139635
---------------
node :66
MTEPS: 541.854690
Trial Time:	0.142416
---------------
node :64
MTEPS: 498.096527
Trial Time:	0.136489
---------------
node :87
MTEPS: 342.610455
Trial Time:	0.173665
---------------
node :81
MTEPS: 409.693030
Trial Time:	0.141651
---------------
node :91
MTEPS: 399.205481
Trial Time:	0.141283
---------------
node :28
MTEPS: 540.965713
Trial Time:	0.144937
Min time: 0.135829
Max time: 0.197063
Avg time: 0.157703
Avg MTEPS: 983.945856
Avg steps: 171509577
------------
omp_thread: 128
---------------
node :1
MTEPS: 1311.378649
Trial Time:	0.320344
---------------
node :2
MTEPS: 1263.914255
Trial Time:	0.345547
---------------
node :3
MTEPS: 1165.279700
Trial Time:	0.358243
---------------
node :4
MTEPS: 1456.459138
Trial Time:	0.322725
---------------
node :5
MTEPS: 221.837982
Trial Time:	2.180791
---------------
node :67
MTEPS: 152.245962
Trial Time:	0.446563
---------------
node :89
MTEPS: 209.525358
Trial Time:	0.324779
---------------
node :10
MTEPS: 196.562697
Trial Time:	0.381075
---------------
node :58
MTEPS: 282.594354
Trial Time:	0.238931
---------------
node :33
MTEPS: 271.046978
Trial Time:	0.290435
---------------
node :96
MTEPS: 582.559309
Trial Time:	0.383555
---------------
node :56
MTEPS: 321.819327
Trial Time:	0.264805
---------------
node :76
MTEPS: 245.736730
Trial Time:	0.253200
---------------
node :37
MTEPS: 261.211208
Trial Time:	0.292962
---------------
node :66
MTEPS: 237.594391
Trial Time:	0.324791
---------------
node :64
MTEPS: 275.833260
Trial Time:	0.246471
---------------
node :87
MTEPS: 225.273006
Trial Time:	0.264122
---------------
node :81
MTEPS: 215.227884
Trial Time:	0.269637
---------------
node :91
MTEPS: 233.321980
Trial Time:	0.241729
---------------
node :28
MTEPS: 256.798007
Trial Time:	0.305322
Min time: 0.238931
Max time: 2.180791
Avg time: 0.402801
Avg MTEPS: 469.311011
Avg steps: 171509577
