reading file from rmat2.in
creating csr
create csr successfully
1 2 3 4 5 99999990 99999989 99999988 99999987 99999986 78630160 37295864 31639152 59168760 49533920 16567840 55579920 31781952 59264992 66794416 
------------
omp_thread: 1
---------------
node :1
MTEPS: 39.048739
Trial Time:	8.281799
---------------
node :2
MTEPS: 39.424879
Trial Time:	8.355763
---------------
node :3
MTEPS: 39.285636
Trial Time:	8.058365
---------------
node :4
MTEPS: 31.467536
Trial Time:	8.042277
---------------
node :5
MTEPS: 33.056400
Trial Time:	7.837490
---------------
node :99999990
MTEPS: 0.000000
Trial Time:	0.001663
---------------
node :99999989
MTEPS: 0.000000
Trial Time:	0.001672
---------------
node :99999988
MTEPS: 0.000000
Trial Time:	0.001692
---------------
node :99999987
MTEPS: 0.000000
Trial Time:	0.001672
---------------
node :99999986
MTEPS: 0.000000
Trial Time:	0.001672
---------------
node :78630160
MTEPS: 32.105901
Trial Time:	7.409524
---------------
node :37295864
MTEPS: 31.776764
Trial Time:	7.486567
---------------
node :31639152
MTEPS: 38.112176
Trial Time:	8.369951
---------------
node :59168760
MTEPS: 32.941597
Trial Time:	7.348630
---------------
node :49533920
MTEPS: 33.183703
Trial Time:	7.364419
---------------
node :16567840
MTEPS: 33.466560
Trial Time:	7.581957
---------------
node :55579920
MTEPS: 31.494428
Trial Time:	7.619096
---------------
node :31781952
MTEPS: 32.600457
Trial Time:	7.713712
---------------
node :59264992
MTEPS: 0.000000
Trial Time:	0.001667
---------------
node :66794416
MTEPS: 39.267152
Trial Time:	8.314699
Min time: 0.001663
Max time: 8.369951
Avg time: 5.489714
Avg MTEPS: 24.361596
Avg steps: 191722620
------------
omp_thread: 2
---------------
node :1
MTEPS: 66.731654
Trial Time:	4.846183
---------------
node :2
MTEPS: 67.190555
Trial Time:	4.902846
---------------
node :3
MTEPS: 69.402955
Trial Time:	4.561448
---------------
node :4
MTEPS: 56.697675
Trial Time:	4.463510
---------------
node :5
MTEPS: 57.986911
Trial Time:	4.467891
---------------
node :99999990
MTEPS: 0.000000
Trial Time:	0.001702
---------------
node :99999989
MTEPS: 0.000000
Trial Time:	0.001671
---------------
node :99999988
MTEPS: 0.000000
Trial Time:	0.001670
---------------
node :99999987
MTEPS: 0.000000
Trial Time:	0.001677
---------------
node :99999986
MTEPS: 0.000000
Trial Time:	0.001680
---------------
node :78630160
MTEPS: 55.737414
Trial Time:	4.268039
---------------
node :37295864
MTEPS: 55.066696
Trial Time:	4.320195
---------------
node :31639152
MTEPS: 65.619706
Trial Time:	4.861300
---------------
node :59168760
MTEPS: 56.819474
Trial Time:	4.260434
---------------
node :49533920
MTEPS: 56.857495
Trial Time:	4.298091
---------------
node :16567840
MTEPS: 58.890169
Trial Time:	4.308733
---------------
node :55579920
MTEPS: 55.831424
Trial Time:	4.297921
---------------
node :31781952
MTEPS: 56.845842
Trial Time:	4.423728
---------------
node :59264992
MTEPS: 0.000000
Trial Time:	0.001567
---------------
node :66794416
MTEPS: 67.024572
Trial Time:	4.871267
Min time: 0.001567
Max time: 4.902846
Avg time: 3.158078
Avg MTEPS: 42.335127
Avg steps: 191722620
------------
omp_thread: 4
---------------
node :1
MTEPS: 129.380548
Trial Time:	2.499555
---------------
node :2
MTEPS: 132.152440
Trial Time:	2.492765
---------------
node :3
MTEPS: 133.893875
Trial Time:	2.364395
---------------
node :4
MTEPS: 111.081504
Trial Time:	2.278243
---------------
node :5
MTEPS: 113.188602
Trial Time:	2.288916
---------------
node :99999990
MTEPS: 0.000000
Trial Time:	0.001582
---------------
node :99999989
MTEPS: 0.000000
Trial Time:	0.001571
---------------
node :99999988
MTEPS: 0.000000
Trial Time:	0.001587
---------------
node :99999987
MTEPS: 0.000000
Trial Time:	0.001574
---------------
node :99999986
MTEPS: 0.000000
Trial Time:	0.001579
---------------
node :78630160
MTEPS: 107.661761
Trial Time:	2.209600
---------------
node :37295864
MTEPS: 108.642880
Trial Time:	2.189733
---------------
node :31639152
MTEPS: 129.207771
Trial Time:	2.468869
---------------
node :59168760
MTEPS: 110.090692
Trial Time:	2.198874
---------------
node :49533920
MTEPS: 110.596045
Trial Time:	2.209651
---------------
node :16567840
MTEPS: 112.990600
Trial Time:	2.245692
---------------
node :55579920
MTEPS: 107.176855
Trial Time:	2.238908
---------------
node :31781952
MTEPS: 111.216644
Trial Time:	2.261087
---------------
node :59264992
MTEPS: 0.000000
Trial Time:	0.001605
---------------
node :66794416
MTEPS: 130.781511
Trial Time:	2.496489
Min time: 0.001571
Max time: 2.499555
Avg time: 1.622614
Avg MTEPS: 82.403086
Avg steps: 191722620
------------
omp_thread: 8
---------------
node :1
MTEPS: 225.783726
Trial Time:	1.432317
---------------
node :2
MTEPS: 232.451587
Trial Time:	1.417177
---------------
node :3
MTEPS: 237.109404
Trial Time:	1.335156
---------------
node :4
MTEPS: 195.296270
Trial Time:	1.295829
---------------
node :5
MTEPS: 198.370623
Trial Time:	1.306036
---------------
node :99999990
MTEPS: 0.000000
Trial Time:	0.001573
---------------
node :99999989
MTEPS: 0.000000
Trial Time:	0.001561
---------------
node :99999988
MTEPS: 0.000000
Trial Time:	0.001566
---------------
node :99999987
MTEPS: 0.000000
Trial Time:	0.001576
---------------
node :99999986
MTEPS: 0.000000
Trial Time:	0.001574
---------------
node :78630160
MTEPS: 187.411476
Trial Time:	1.269343
---------------
node :37295864
MTEPS: 189.337136
Trial Time:	1.256483
---------------
node :31639152
MTEPS: 226.118802
Trial Time:	1.410750
---------------
node :59168760
MTEPS: 191.644850
Trial Time:	1.263147
---------------
node :49533920
MTEPS: 194.569019
Trial Time:	1.256000
---------------
node :16567840
MTEPS: 199.466580
Trial Time:	1.272103
---------------
node :55579920
MTEPS: 189.284547
Trial Time:	1.267716
---------------
node :31781952
MTEPS: 194.728924
Trial Time:	1.291388
---------------
node :59264992
MTEPS: 0.000000
Trial Time:	0.001575
---------------
node :66794416
MTEPS: 230.671933
Trial Time:	1.415407
Min time: 0.001561
Max time: 1.432317
Avg time: 0.924914
Avg MTEPS: 144.612244
Avg steps: 191722620
------------
omp_thread: 16
---------------
node :1
MTEPS: 405.131500
Trial Time:	0.798244
---------------
node :2
MTEPS: 410.072432
Trial Time:	0.803334
---------------
node :3
MTEPS: 416.502073
Trial Time:	0.760087
---------------
node :4
MTEPS: 346.395972
Trial Time:	0.730582
---------------
node :5
MTEPS: 353.487253
Trial Time:	0.732924
---------------
node :99999990
MTEPS: 0.000000
Trial Time:	0.001579
---------------
node :99999989
MTEPS: 0.000000
Trial Time:	0.001593
---------------
node :99999988
MTEPS: 0.000000
Trial Time:	0.001586
---------------
node :99999987
MTEPS: 0.000000
Trial Time:	0.001586
---------------
node :99999986
MTEPS: 0.000000
Trial Time:	0.001588
---------------
node :78630160
MTEPS: 333.345505
Trial Time:	0.713642
---------------
node :37295864
MTEPS: 328.549759
Trial Time:	0.724088
---------------
node :31639152
MTEPS: 400.655054
Trial Time:	0.796189
---------------
node :59168760
MTEPS: 338.124127
Trial Time:	0.715937
---------------
node :49533920
MTEPS: 341.549073
Trial Time:	0.715501
---------------
node :16567840
MTEPS: 338.888194
Trial Time:	0.748749
---------------
node :55579920
MTEPS: 314.518220
Trial Time:	0.762942
---------------
node :31781952
MTEPS: 345.447815
Trial Time:	0.727955
---------------
node :59264992
MTEPS: 0.000000
Trial Time:	0.001586
---------------
node :66794416
MTEPS: 393.911129
Trial Time:	0.828853
Min time: 0.001579
Max time: 0.828853
Avg time: 0.528427
Avg MTEPS: 253.328905
Avg steps: 191722620
------------
omp_thread: 32
---------------
node :1
MTEPS: 696.004308
Trial Time:	0.464643
---------------
node :2
MTEPS: 593.008478
Trial Time:	0.555515
---------------
node :3
MTEPS: 716.392814
Trial Time:	0.441906
---------------
node :4
MTEPS: 591.805607
Trial Time:	0.427625
---------------
node :5
MTEPS: 467.537036
Trial Time:	0.554136
---------------
node :99999990
MTEPS: 0.000000
Trial Time:	0.001790
---------------
node :99999989
MTEPS: 0.000000
Trial Time:	0.001790
---------------
node :99999988
MTEPS: 0.000000
Trial Time:	0.001805
---------------
node :99999987
MTEPS: 0.000000
Trial Time:	0.001795
---------------
node :99999986
MTEPS: 0.000000
Trial Time:	0.001785
---------------
node :78630160
MTEPS: 567.276256
Trial Time:	0.419354
---------------
node :37295864
MTEPS: 562.853513
Trial Time:	0.422666
---------------
node :31639152
MTEPS: 686.652705
Trial Time:	0.464568
---------------
node :59168760
MTEPS: 576.508167
Trial Time:	0.419900
---------------
node :49533920
MTEPS: 581.041087
Trial Time:	0.420588
---------------
node :16567840
MTEPS: 599.449681
Trial Time:	0.423292
---------------
node :55579920
MTEPS: 570.611555
Trial Time:	0.420530
---------------
node :31781952
MTEPS: 587.622305
Trial Time:	0.427946
---------------
node :59264992
MTEPS: 0.000000
Trial Time:	0.001806
---------------
node :66794416
MTEPS: 700.149877
Trial Time:	0.466321
Min time: 0.001785
Max time: 0.555515
Avg time: 0.316988
Avg MTEPS: 424.845669
Avg steps: 191722620
------------
omp_thread: 48
---------------
node :1
MTEPS: 901.305775
Trial Time:	0.358806
---------------
node :2
MTEPS: 893.598984
Trial Time:	0.368650
---------------
node :3
MTEPS: 944.397851
Trial Time:	0.335217
---------------
node :4
MTEPS: 763.425639
Trial Time:	0.331493
---------------
node :5
MTEPS: 755.054409
Trial Time:	0.343127
---------------
node :99999990
MTEPS: 0.000000
Trial Time:	0.002062
---------------
node :99999989
MTEPS: 0.000000
Trial Time:	0.002362
---------------
node :99999988
MTEPS: 0.000000
Trial Time:	0.002046
---------------
node :99999987
MTEPS: 0.000000
Trial Time:	0.002359
---------------
node :99999986
MTEPS: 0.000000
Trial Time:	0.002040
---------------
node :78630160
MTEPS: 734.989724
Trial Time:	0.323664
---------------
node :37295864
MTEPS: 713.964848
Trial Time:	0.333208
---------------
node :31639152
MTEPS: 889.412072
Trial Time:	0.358661
---------------
node :59168760
MTEPS: 750.743419
Trial Time:	0.322448
---------------
node :49533920
MTEPS: 761.521016
Trial Time:	0.320909
---------------
node :16567840
MTEPS: 787.913079
Trial Time:	0.322043
---------------
node :55579920
MTEPS: 732.928987
Trial Time:	0.327397
---------------
node :31781952
MTEPS: 758.772451
Trial Time:	0.331418
---------------
node :59264992
MTEPS: 0.000000
Trial Time:	0.002081
---------------
node :66794416
MTEPS: 905.024370
Trial Time:	0.360758
Min time: 0.002040
Max time: 0.368650
Avg time: 0.237537
Avg MTEPS: 564.652631
Avg steps: 191722620
------------
omp_thread: 64
---------------
node :1
MTEPS: 1101.016592
Trial Time:	0.293723
---------------
node :2
MTEPS: 1118.636042
Trial Time:	0.294488
---------------
node :3
MTEPS: 1143.134044
Trial Time:	0.276939
---------------
node :4
MTEPS: 910.019322
Trial Time:	0.278094
---------------
node :5
MTEPS: 922.942477
Trial Time:	0.280710
---------------
node :99999990
MTEPS: 0.000000
Trial Time:	0.002191
---------------
node :99999989
MTEPS: 0.000000
Trial Time:	0.002182
---------------
node :99999988
MTEPS: 0.000000
Trial Time:	0.002203
---------------
node :99999987
MTEPS: 0.000000
Trial Time:	0.002184
---------------
node :99999986
MTEPS: 0.000000
Trial Time:	0.002176
---------------
node :78630160
MTEPS: 885.958461
Trial Time:	0.268511
---------------
node :37295864
MTEPS: 891.860067
Trial Time:	0.266745
---------------
node :31639152
MTEPS: 1088.624622
Trial Time:	0.293028
---------------
node :59168760
MTEPS: 907.003399
Trial Time:	0.266896
---------------
node :49533920
MTEPS: 919.404192
Trial Time:	0.265801
---------------
node :16567840
MTEPS: 944.512188
Trial Time:	0.268649
---------------
node :55579920
MTEPS: 885.662363
Trial Time:	0.270937
---------------
node :31781952
MTEPS: 882.816472
Trial Time:	0.284850
---------------
node :59264992
MTEPS: 0.000000
Trial Time:	0.002208
---------------
node :66794416
MTEPS: 1110.081617
Trial Time:	0.294118
Min time: 0.002176
Max time: 0.294488
Avg time: 0.195832
Avg MTEPS: 685.583593
Avg steps: 191722620
------------
omp_thread: 128
---------------
node :1
MTEPS: 898.738911
Trial Time:	0.359831
---------------
node :2
MTEPS: 879.334860
Trial Time:	0.374630
---------------
node :3
MTEPS: 926.459846
Trial Time:	0.341707
---------------
node :4
MTEPS: 692.066276
Trial Time:	0.365674
---------------
node :5
MTEPS: 701.978448
Trial Time:	0.369070
---------------
node :99999990
MTEPS: 0.000000
Trial Time:	0.003616
---------------
node :99999989
MTEPS: 0.000000
Trial Time:	0.003336
---------------
node :99999988
MTEPS: 0.000000
Trial Time:	0.012009
---------------
node :99999987
MTEPS: 0.000000
Trial Time:	0.003330
---------------
node :99999986
MTEPS: 0.000000
Trial Time:	0.003354
---------------
node :78630160
MTEPS: 706.443160
Trial Time:	0.336743
---------------
node :37295864
MTEPS: 660.473478
Trial Time:	0.360194
---------------
node :31639152
MTEPS: 837.201479
Trial Time:	0.381028
---------------
node :59168760
MTEPS: 721.584543
Trial Time:	0.335478
---------------
node :49533920
MTEPS: 737.132965
Trial Time:	0.331526
---------------
node :16567840
MTEPS: 767.550697
Trial Time:	0.330587
---------------
node :55579920
MTEPS: 677.938878
Trial Time:	0.353954
---------------
node :31781952
MTEPS: 689.824290
Trial Time:	0.364543
---------------
node :59264992
MTEPS: 0.000000
Trial Time:	0.003325
---------------
node :66794416
MTEPS: 886.067386
Trial Time:	0.368476
Min time: 0.003325
Max time: 0.381028
Avg time: 0.250120
Avg MTEPS: 539.139761
Avg steps: 191722620
