reading file from roadNet-CA.in
creating csr
create csr successfully
1 2 3 4 5 1971279 1971278 1971277 1971276 1971275 1508069 1449939 239033 1815498 1729503 1345577 637537 1114652 908391 1725677 
------------
omp_thread: 1
---------------
node :1
MTEPS: 104.533160
Trial Time:	0.123115
---------------
node :2
MTEPS: 105.068415
Trial Time:	0.122391
---------------
node :3
MTEPS: 106.312674
Trial Time:	0.121106
---------------
node :4
MTEPS: 105.364396
Trial Time:	0.122074
---------------
node :5
MTEPS: 106.565483
Trial Time:	0.120660
---------------
node :1971279
MTEPS: 145.531193
Trial Time:	1.207308
---------------
node :1971278
MTEPS: 149.538949
Trial Time:	1.174951
---------------
node :1971277
MTEPS: 149.558253
Trial Time:	1.174799
---------------
node :1971276
MTEPS: 149.690922
Trial Time:	1.173758
---------------
node :1971275
MTEPS: 149.491675
Trial Time:	1.175323
---------------
node :1508069
MTEPS: 109.702514
Trial Time:	0.112901
---------------
node :1449939
MTEPS: 113.268452
Trial Time:	0.117150
---------------
node :239033
MTEPS: 111.501883
Trial Time:	0.117384
---------------
node :1815498
MTEPS: 114.012333
Trial Time:	0.120277
---------------
node :1729503
MTEPS: 106.511923
Trial Time:	0.106772
---------------
node :1345577
MTEPS: 109.004103
Trial Time:	0.110328
---------------
node :637537
MTEPS: 113.954455
Trial Time:	0.117243
---------------
node :1114652
MTEPS: 108.379057
Trial Time:	0.125206
---------------
node :908391
MTEPS: 144.141508
Trial Time:	0.590363
---------------
node :1725677
MTEPS: 106.899671
Trial Time:	0.108236
Min time: 0.106772
Max time: 1.207308
Avg time: 0.407067
Avg MTEPS: 120.451553
Avg steps: 57114043
------------
omp_thread: 2
---------------
node :1
MTEPS: 204.608968
Trial Time:	0.062898
---------------
node :2
MTEPS: 206.695922
Trial Time:	0.062214
---------------
node :3
MTEPS: 206.503881
Trial Time:	0.062348
---------------
node :4
MTEPS: 207.007325
Trial Time:	0.062134
---------------
node :5
MTEPS: 206.055896
Trial Time:	0.062401
---------------
node :1971279
MTEPS: 278.078521
Trial Time:	0.631839
---------------
node :1971278
MTEPS: 277.932554
Trial Time:	0.632171
---------------
node :1971277
MTEPS: 277.805358
Trial Time:	0.632461
---------------
node :1971276
MTEPS: 277.756352
Trial Time:	0.632572
---------------
node :1971275
MTEPS: 274.136993
Trial Time:	0.640924
---------------
node :1508069
MTEPS: 204.482154
Trial Time:	0.060570
---------------
node :1449939
MTEPS: 211.478462
Trial Time:	0.062746
---------------
node :239033
MTEPS: 207.862726
Trial Time:	0.062967
---------------
node :1815498
MTEPS: 214.017321
Trial Time:	0.064074
---------------
node :1729503
MTEPS: 197.660602
Trial Time:	0.057535
---------------
node :1345577
MTEPS: 200.576754
Trial Time:	0.059958
---------------
node :637537
MTEPS: 211.541964
Trial Time:	0.063157
---------------
node :1114652
MTEPS: 211.461876
Trial Time:	0.064171
---------------
node :908391
MTEPS: 271.470657
Trial Time:	0.313463
---------------
node :1725677
MTEPS: 197.964124
Trial Time:	0.058447
Min time: 0.057535
Max time: 0.640924
Avg time: 0.217453
Avg MTEPS: 227.254923
Avg steps: 57114043
------------
omp_thread: 4
---------------
node :1
MTEPS: 385.426593
Trial Time:	0.033390
---------------
node :2
MTEPS: 387.447965
Trial Time:	0.033190
---------------
node :3
MTEPS: 386.863158
Trial Time:	0.033281
---------------
node :4
MTEPS: 387.594364
Trial Time:	0.033185
---------------
node :5
MTEPS: 389.152292
Trial Time:	0.033041
---------------
node :1971279
MTEPS: 531.155748
Trial Time:	0.330790
---------------
node :1971278
MTEPS: 531.225155
Trial Time:	0.330747
---------------
node :1971277
MTEPS: 531.325556
Trial Time:	0.330684
---------------
node :1971276
MTEPS: 530.951998
Trial Time:	0.330917
---------------
node :1971275
MTEPS: 530.860048
Trial Time:	0.330974
---------------
node :1508069
MTEPS: 381.010547
Trial Time:	0.032507
---------------
node :1449939
MTEPS: 393.531756
Trial Time:	0.033719
---------------
node :239033
MTEPS: 387.650262
Trial Time:	0.033764
---------------
node :1815498
MTEPS: 398.553284
Trial Time:	0.034407
---------------
node :1729503
MTEPS: 363.498040
Trial Time:	0.031286
---------------
node :1345577
MTEPS: 369.976498
Trial Time:	0.032505
---------------
node :637537
MTEPS: 392.029302
Trial Time:	0.034080
---------------
node :1114652
MTEPS: 396.473459
Trial Time:	0.034226
---------------
node :908391
MTEPS: 517.947871
Trial Time:	0.164294
---------------
node :1725677
MTEPS: 365.070691
Trial Time:	0.031694
Min time: 0.031286
Max time: 0.330974
Avg time: 0.114134
Avg MTEPS: 427.887235
Avg steps: 57114043
------------
omp_thread: 8
---------------
node :1
MTEPS: 496.788869
Trial Time:	0.025906
---------------
node :2
MTEPS: 584.108013
Trial Time:	0.022016
---------------
node :3
MTEPS: 583.866035
Trial Time:	0.022051
---------------
node :4
MTEPS: 581.038491
Trial Time:	0.022137
---------------
node :5
MTEPS: 583.041771
Trial Time:	0.022054
---------------
node :1971279
MTEPS: 1018.363568
Trial Time:	0.172533
---------------
node :1971278
MTEPS: 1019.441117
Trial Time:	0.172350
---------------
node :1971277
MTEPS: 1018.902971
Trial Time:	0.172441
---------------
node :1971276
MTEPS: 1018.800767
Trial Time:	0.172459
---------------
node :1971275
MTEPS: 1019.877176
Trial Time:	0.172277
---------------
node :1508069
MTEPS: 553.440877
Trial Time:	0.022379
---------------
node :1449939
MTEPS: 582.031155
Trial Time:	0.022798
---------------
node :239033
MTEPS: 587.706111
Trial Time:	0.022270
---------------
node :1815498
MTEPS: 610.226160
Trial Time:	0.022472
---------------
node :1729503
MTEPS: 520.786385
Trial Time:	0.021837
---------------
node :1345577
MTEPS: 546.611589
Trial Time:	0.022001
---------------
node :637537
MTEPS: 584.047729
Trial Time:	0.022876
---------------
node :1114652
MTEPS: 600.391763
Trial Time:	0.022601
---------------
node :908391
MTEPS: 968.075023
Trial Time:	0.087902
---------------
node :1725677
MTEPS: 526.049405
Trial Time:	0.021995
Min time: 0.021837
Max time: 0.172533
Avg time: 0.063268
Avg MTEPS: 700.179759
Avg steps: 57114043
------------
omp_thread: 16
---------------
node :1
MTEPS: 887.414642
Trial Time:	0.014502
---------------
node :2
MTEPS: 895.373682
Trial Time:	0.014362
---------------
node :3
MTEPS: 906.623525
Trial Time:	0.014201
---------------
node :4
MTEPS: 894.415079
Trial Time:	0.014381
---------------
node :5
MTEPS: 892.324923
Trial Time:	0.014410
---------------
node :1971279
MTEPS: 1962.272902
Trial Time:	0.089540
---------------
node :1971278
MTEPS: 1958.507708
Trial Time:	0.089712
---------------
node :1971277
MTEPS: 1964.615335
Trial Time:	0.089433
---------------
node :1971276
MTEPS: 1964.662127
Trial Time:	0.089431
---------------
node :1971275
MTEPS: 1962.829705
Trial Time:	0.089514
---------------
node :1508069
MTEPS: 833.878984
Trial Time:	0.014853
---------------
node :1449939
MTEPS: 860.982078
Trial Time:	0.015412
---------------
node :239033
MTEPS: 909.943101
Trial Time:	0.014384
---------------
node :1815498
MTEPS: 953.375646
Trial Time:	0.014384
---------------
node :1729503
MTEPS: 768.406813
Trial Time:	0.014800
---------------
node :1345577
MTEPS: 819.986351
Trial Time:	0.014666
---------------
node :637537
MTEPS: 871.084004
Trial Time:	0.015338
---------------
node :1114652
MTEPS: 913.177209
Trial Time:	0.014860
---------------
node :908391
MTEPS: 1799.430714
Trial Time:	0.047290
---------------
node :1725677
MTEPS: 777.333385
Trial Time:	0.014885
Min time: 0.014201
Max time: 0.089712
Avg time: 0.035018
Avg MTEPS: 1189.831916
Avg steps: 57114043
------------
omp_thread: 32
---------------
node :1
MTEPS: 1049.866654
Trial Time:	0.012258
---------------
node :2
MTEPS: 1157.433838
Trial Time:	0.011110
---------------
node :3
MTEPS: 1183.080330
Trial Time:	0.010883
---------------
node :4
MTEPS: 1159.556896
Trial Time:	0.011092
---------------
node :5
MTEPS: 1163.765360
Trial Time:	0.011049
---------------
node :1971279
MTEPS: 3423.588066
Trial Time:	0.051321
---------------
node :1971278
MTEPS: 3452.486025
Trial Time:	0.050891
---------------
node :1971277
MTEPS: 3449.247032
Trial Time:	0.050939
---------------
node :1971276
MTEPS: 3452.476527
Trial Time:	0.050891
---------------
node :1971275
MTEPS: 3425.742141
Trial Time:	0.051288
---------------
node :1508069
MTEPS: 1010.919672
Trial Time:	0.012252
---------------
node :1449939
MTEPS: 1026.502402
Trial Time:	0.012927
---------------
node :239033
MTEPS: 1150.697170
Trial Time:	0.011374
---------------
node :1815498
MTEPS: 1235.862954
Trial Time:	0.011096
---------------
node :1729503
MTEPS: 927.320907
Trial Time:	0.012264
---------------
node :1345577
MTEPS: 1013.931364
Trial Time:	0.011861
---------------
node :637537
MTEPS: 1049.832059
Trial Time:	0.012726
---------------
node :1114652
MTEPS: 1151.580237
Trial Time:	0.011784
---------------
node :908391
MTEPS: 2976.416890
Trial Time:	0.028590
---------------
node :1725677
MTEPS: 917.266985
Trial Time:	0.012614
Min time: 0.010883
Max time: 0.051321
Avg time: 0.022461
Avg MTEPS: 1768.878710
Avg steps: 57114043
------------
omp_thread: 48
---------------
node :1
MTEPS: 1048.457112
Trial Time:	0.012275
---------------
node :2
MTEPS: 1168.456452
Trial Time:	0.011006
---------------
node :3
MTEPS: 1199.717698
Trial Time:	0.010732
---------------
node :4
MTEPS: 1177.054841
Trial Time:	0.010927
---------------
node :5
MTEPS: 1174.251810
Trial Time:	0.010950
---------------
node :1971279
MTEPS: 4430.757449
Trial Time:	0.039655
---------------
node :1971278
MTEPS: 4377.671654
Trial Time:	0.040136
---------------
node :1971277
MTEPS: 4420.764284
Trial Time:	0.039744
---------------
node :1971276
MTEPS: 4319.191471
Trial Time:	0.040679
---------------
node :1971275
MTEPS: 4421.748997
Trial Time:	0.039736
---------------
node :1508069
MTEPS: 990.272714
Trial Time:	0.012507
---------------
node :1449939
MTEPS: 1030.035442
Trial Time:	0.012882
---------------
node :239033
MTEPS: 1177.744336
Trial Time:	0.011113
---------------
node :1815498
MTEPS: 1288.192565
Trial Time:	0.010645
---------------
node :1729503
MTEPS: 848.059910
Trial Time:	0.013410
---------------
node :1345577
MTEPS: 992.914832
Trial Time:	0.012112
---------------
node :637537
MTEPS: 950.016948
Trial Time:	0.014063
---------------
node :1114652
MTEPS: 1155.195754
Trial Time:	0.011747
---------------
node :908391
MTEPS: 3655.768354
Trial Time:	0.023277
---------------
node :1725677
MTEPS: 872.888214
Trial Time:	0.013255
Min time: 0.010645
Max time: 0.040679
Avg time: 0.019543
Avg MTEPS: 2034.958086
Avg steps: 57114043
------------
omp_thread: 64
---------------
node :1
MTEPS: 1057.833352
Trial Time:	0.012166
---------------
node :2
MTEPS: 1086.721679
Trial Time:	0.011833
---------------
node :3
MTEPS: 1081.311377
Trial Time:	0.011907
---------------
node :4
MTEPS: 1062.941465
Trial Time:	0.012101
---------------
node :5
MTEPS: 1056.126350
Trial Time:	0.012175
---------------
node :1971279
MTEPS: 4731.206087
Trial Time:	0.037137
---------------
node :1971278
MTEPS: 4742.511509
Trial Time:	0.037048
---------------
node :1971277
MTEPS: 4726.836482
Trial Time:	0.037171
---------------
node :1971276
MTEPS: 4728.595827
Trial Time:	0.037157
---------------
node :1971275
MTEPS: 4741.890743
Trial Time:	0.037053
---------------
node :1508069
MTEPS: 825.104150
Trial Time:	0.015011
---------------
node :1449939
MTEPS: 857.574509
Trial Time:	0.015473
---------------
node :239033
MTEPS: 1019.551449
Trial Time:	0.012838
---------------
node :1815498
MTEPS: 1151.660254
Trial Time:	0.011907
---------------
node :1729503
MTEPS: 739.090924
Trial Time:	0.015387
---------------
node :1345577
MTEPS: 838.777697
Trial Time:	0.014338
---------------
node :637537
MTEPS: 881.264791
Trial Time:	0.015160
---------------
node :1114652
MTEPS: 1012.681862
Trial Time:	0.013400
---------------
node :908391
MTEPS: 3727.057697
Trial Time:	0.022832
---------------
node :1725677
MTEPS: 709.971911
Trial Time:	0.016297
Min time: 0.011833
Max time: 0.037171
Avg time: 0.019920
Avg MTEPS: 2038.935553
Avg steps: 57114043
------------
omp_thread: 128
---------------
node :1
MTEPS: 404.936118
Trial Time:	0.031782
---------------
node :2
MTEPS: 464.723355
Trial Time:	0.027671
---------------
node :3
MTEPS: 476.313007
Trial Time:	0.027031
---------------
node :4
MTEPS: 408.213485
Trial Time:	0.031509
---------------
node :5
MTEPS: 288.840904
Trial Time:	0.044516
---------------
node :1971279
MTEPS: 1270.221626
Trial Time:	0.138323
---------------
node :1971278
MTEPS: 2370.371921
Trial Time:	0.074124
---------------
node :1971277
MTEPS: 3107.810635
Trial Time:	0.056535
---------------
node :1971276
MTEPS: 3204.201847
Trial Time:	0.054835
---------------
node :1971275
MTEPS: 2591.065883
Trial Time:	0.067810
---------------
node :1508069
MTEPS: 360.377225
Trial Time:	0.034368
---------------
node :1449939
MTEPS: 365.769295
Trial Time:	0.036278
---------------
node :239033
MTEPS: 453.285612
Trial Time:	0.028875
---------------
node :1815498
MTEPS: 559.200433
Trial Time:	0.024523
---------------
node :1729503
MTEPS: 313.580827
Trial Time:	0.036267
---------------
node :1345577
MTEPS: 362.064538
Trial Time:	0.033216
---------------
node :637537
MTEPS: 378.772805
Trial Time:	0.035273
---------------
node :1114652
MTEPS: 479.824457
Trial Time:	0.028281
---------------
node :908391
MTEPS: 2303.679916
Trial Time:	0.036939
---------------
node :1725677
MTEPS: 306.271934
Trial Time:	0.037778
Min time: 0.024523
Max time: 0.138323
Avg time: 0.044297
Avg MTEPS: 1023.476317
Avg steps: 57114043
