reading file from soc-LiveJournal1.in
creating csr
create csr successfully
1 2 3 4 5 4847569 4847568 4847567 4847566 4847565 148143 2887239 1678264 3369700 441185 2922695 1339329 2757151 1537705 1749799 
------------
omp_thread: 1
---------------
node :1
MTEPS: 72.274963
Trial Time:	0.422231
---------------
node :2
MTEPS: 90.214531
Trial Time:	0.526595
---------------
node :3
MTEPS: 71.148648
Trial Time:	0.415183
---------------
node :4
MTEPS: 57.367634
Trial Time:	0.354292
---------------
node :5
MTEPS: 92.951482
Trial Time:	0.545596
---------------
node :4847569
MTEPS: 0.000000
Trial Time:	0.000266
---------------
node :4847568
MTEPS: 0.017576
Trial Time:	0.000284
---------------
node :4847567
MTEPS: 0.003500
Trial Time:	0.000286
---------------
node :4847566
MTEPS: 0.000000
Trial Time:	0.000288
---------------
node :4847565
MTEPS: 0.000000
Trial Time:	0.000281
---------------
node :148143
MTEPS: 58.878469
Trial Time:	0.359986
---------------
node :2887239
MTEPS: 66.779862
Trial Time:	0.392785
---------------
node :1678264
MTEPS: 58.672845
Trial Time:	0.361927
---------------
node :3369700
MTEPS: 54.342681
Trial Time:	0.345700
---------------
node :441185
MTEPS: 0.003581
Trial Time:	0.000279
---------------
node :2922695
MTEPS: 0.000000
Trial Time:	0.000287
---------------
node :1339329
MTEPS: 52.632130
Trial Time:	0.341752
---------------
node :2757151
MTEPS: 67.738302
Trial Time:	0.399674
---------------
node :1537705
MTEPS: 81.464160
Trial Time:	0.468284
---------------
node :1749799
MTEPS: 82.816181
Trial Time:	0.478648
Min time: 0.000266
Max time: 0.545596
Avg time: 0.416358
Avg MTEPS: 69.790914
Avg steps: 29915182
------------
omp_thread: 2
---------------
node :1
MTEPS: 125.074034
Trial Time:	0.243989
---------------
node :2
MTEPS: 159.774230
Trial Time:	0.297335
---------------
node :3
MTEPS: 123.518832
Trial Time:	0.239152
---------------
node :4
MTEPS: 91.981687
Trial Time:	0.220967
---------------
node :5
MTEPS: 161.798398
Trial Time:	0.313439
---------------
node :4847569
MTEPS: 0.000000
Trial Time:	0.000079
---------------
node :4847568
MTEPS: 0.059060
Trial Time:	0.000085
---------------
node :4847567
MTEPS: 0.012604
Trial Time:	0.000079
---------------
node :4847566
MTEPS: 0.000000
Trial Time:	0.000080
---------------
node :4847565
MTEPS: 0.000000
Trial Time:	0.000081
---------------
node :148143
MTEPS: 100.162408
Trial Time:	0.211611
---------------
node :2887239
MTEPS: 113.904349
Trial Time:	0.230282
---------------
node :1678264
MTEPS: 89.463336
Trial Time:	0.237363
---------------
node :3369700
MTEPS: 92.549445
Trial Time:	0.202986
---------------
node :441185
MTEPS: 0.011953
Trial Time:	0.000084
---------------
node :2922695
MTEPS: 0.000000
Trial Time:	0.000078
---------------
node :1339329
MTEPS: 91.043140
Trial Time:	0.197567
---------------
node :2757151
MTEPS: 117.975513
Trial Time:	0.229482
---------------
node :1537705
MTEPS: 137.533029
Trial Time:	0.277376
---------------
node :1749799
MTEPS: 149.123235
Trial Time:	0.265819
Min time: 0.000078
Max time: 0.313439
Avg time: 0.243644
Avg MTEPS: 119.530894
Avg steps: 29915182
------------
omp_thread: 4
---------------
node :1
MTEPS: 245.931859
Trial Time:	0.124086
---------------
node :2
MTEPS: 313.760142
Trial Time:	0.151410
---------------
node :3
MTEPS: 239.920860
Trial Time:	0.123123
---------------
node :4
MTEPS: 188.808262
Trial Time:	0.107648
---------------
node :5
MTEPS: 323.458845
Trial Time:	0.156786
---------------
node :4847569
MTEPS: 0.000000
Trial Time:	0.000262
---------------
node :4847568
MTEPS: 0.018700
Trial Time:	0.000267
---------------
node :4847567
MTEPS: 0.003784
Trial Time:	0.000264
---------------
node :4847566
MTEPS: 0.000000
Trial Time:	0.000291
---------------
node :4847565
MTEPS: 0.000000
Trial Time:	0.000296
---------------
node :148143
MTEPS: 194.133469
Trial Time:	0.109180
---------------
node :2887239
MTEPS: 223.987659
Trial Time:	0.117105
---------------
node :1678264
MTEPS: 195.370510
Trial Time:	0.108692
---------------
node :3369700
MTEPS: 179.047985
Trial Time:	0.104923
---------------
node :441185
MTEPS: 0.003847
Trial Time:	0.000260
---------------
node :2922695
MTEPS: 0.000000
Trial Time:	0.000261
---------------
node :1339329
MTEPS: 173.808375
Trial Time:	0.103488
---------------
node :2757151
MTEPS: 227.181871
Trial Time:	0.119170
---------------
node :1537705
MTEPS: 279.900798
Trial Time:	0.136293
---------------
node :1749799
MTEPS: 284.792943
Trial Time:	0.139188
Min time: 0.000260
Max time: 0.156786
Avg time: 0.123161
Avg MTEPS: 236.161811
Avg steps: 29915182
------------
omp_thread: 8
---------------
node :1
MTEPS: 396.861758
Trial Time:	0.076895
---------------
node :2
MTEPS: 536.095836
Trial Time:	0.088616
---------------
node :3
MTEPS: 395.990066
Trial Time:	0.074597
---------------
node :4
MTEPS: 300.324173
Trial Time:	0.067676
---------------
node :5
MTEPS: 556.485074
Trial Time:	0.091133
---------------
node :4847569
MTEPS: 0.000000
Trial Time:	0.000272
---------------
node :4847568
MTEPS: 0.017335
Trial Time:	0.000288
---------------
node :4847567
MTEPS: 0.003525
Trial Time:	0.000284
---------------
node :4847566
MTEPS: 0.000000
Trial Time:	0.000266
---------------
node :4847565
MTEPS: 0.000000
Trial Time:	0.000268
---------------
node :148143
MTEPS: 311.497764
Trial Time:	0.068044
---------------
node :2887239
MTEPS: 364.613847
Trial Time:	0.071939
---------------
node :1678264
MTEPS: 313.569029
Trial Time:	0.067721
---------------
node :3369700
MTEPS: 282.605902
Trial Time:	0.066475
---------------
node :441185
MTEPS: 0.003751
Trial Time:	0.000267
---------------
node :2922695
MTEPS: 0.000000
Trial Time:	0.000263
---------------
node :1339329
MTEPS: 275.676154
Trial Time:	0.065247
---------------
node :2757151
MTEPS: 372.763089
Trial Time:	0.072628
---------------
node :1537705
MTEPS: 471.645918
Trial Time:	0.080884
---------------
node :1749799
MTEPS: 482.398613
Trial Time:	0.082172
Min time: 0.000263
Max time: 0.091133
Avg time: 0.074925
Avg MTEPS: 389.271321
Avg steps: 29915182
------------
omp_thread: 16
---------------
node :1
MTEPS: 691.102266
Trial Time:	0.044157
---------------
node :2
MTEPS: 942.630830
Trial Time:	0.050398
---------------
node :3
MTEPS: 680.346613
Trial Time:	0.043419
---------------
node :4
MTEPS: 509.848924
Trial Time:	0.039865
---------------
node :5
MTEPS: 980.618001
Trial Time:	0.051716
---------------
node :4847569
MTEPS: 0.000000
Trial Time:	0.000294
---------------
node :4847568
MTEPS: 0.015817
Trial Time:	0.000316
---------------
node :4847567
MTEPS: 0.003680
Trial Time:	0.000272
---------------
node :4847566
MTEPS: 0.000000
Trial Time:	0.000271
---------------
node :4847565
MTEPS: 0.000000
Trial Time:	0.000272
---------------
node :148143
MTEPS: 523.154505
Trial Time:	0.040515
---------------
node :2887239
MTEPS: 613.677384
Trial Time:	0.042743
---------------
node :1678264
MTEPS: 527.733249
Trial Time:	0.040239
---------------
node :3369700
MTEPS: 477.112247
Trial Time:	0.039375
---------------
node :441185
MTEPS: 0.003503
Trial Time:	0.000285
---------------
node :2922695
MTEPS: 0.000000
Trial Time:	0.000269
---------------
node :1339329
MTEPS: 462.553718
Trial Time:	0.038887
---------------
node :2757151
MTEPS: 634.328557
Trial Time:	0.042680
---------------
node :1537705
MTEPS: 817.837801
Trial Time:	0.046645
---------------
node :1749799
MTEPS: 841.902412
Trial Time:	0.047084
Min time: 0.000269
Max time: 0.051716
Avg time: 0.043671
Avg MTEPS: 669.449724
Avg steps: 29915182
------------
omp_thread: 32
---------------
node :1
MTEPS: 1138.636663
Trial Time:	0.026801
---------------
node :2
MTEPS: 1627.367380
Trial Time:	0.029192
---------------
node :3
MTEPS: 1146.549579
Trial Time:	0.025764
---------------
node :4
MTEPS: 827.815757
Trial Time:	0.024552
---------------
node :5
MTEPS: 1697.937585
Trial Time:	0.029868
---------------
node :4847569
MTEPS: 0.000000
Trial Time:	0.000351
---------------
node :4847568
MTEPS: 0.013578
Trial Time:	0.000368
---------------
node :4847567
MTEPS: 0.003015
Trial Time:	0.000332
---------------
node :4847566
MTEPS: 0.000000
Trial Time:	0.000324
---------------
node :4847565
MTEPS: 0.000000
Trial Time:	0.000285
---------------
node :148143
MTEPS: 840.597449
Trial Time:	0.025215
---------------
node :2887239
MTEPS: 1019.643978
Trial Time:	0.025725
---------------
node :1678264
MTEPS: 890.426601
Trial Time:	0.023848
---------------
node :3369700
MTEPS: 778.185082
Trial Time:	0.024141
---------------
node :441185
MTEPS: 0.003005
Trial Time:	0.000333
---------------
node :2922695
MTEPS: 0.000000
Trial Time:	0.000301
---------------
node :1339329
MTEPS: 757.000649
Trial Time:	0.023761
---------------
node :2757151
MTEPS: 1026.144543
Trial Time:	0.026383
---------------
node :1537705
MTEPS: 1393.368828
Trial Time:	0.027379
---------------
node :1749799
MTEPS: 1439.602894
Trial Time:	0.027535
Min time: 0.000285
Max time: 0.029868
Avg time: 0.026167
Avg MTEPS: 1121.790526
Avg steps: 29915182
------------
omp_thread: 48
---------------
node :1
MTEPS: 1472.821571
Trial Time:	0.020720
---------------
node :2
MTEPS: 2171.282112
Trial Time:	0.021879
---------------
node :3
MTEPS: 1502.273825
Trial Time:	0.019663
---------------
node :4
MTEPS: 1047.544643
Trial Time:	0.019402
---------------
node :5
MTEPS: 2263.582386
Trial Time:	0.022404
---------------
node :4847569
MTEPS: 0.000000
Trial Time:	0.000259
---------------
node :4847568
MTEPS: 0.027105
Trial Time:	0.000184
---------------
node :4847567
MTEPS: 0.012686
Trial Time:	0.000079
---------------
node :4847566
MTEPS: 0.000000
Trial Time:	0.000054
---------------
node :4847565
MTEPS: 0.000000
Trial Time:	0.000053
---------------
node :148143
MTEPS: 1138.579004
Trial Time:	0.018616
---------------
node :2887239
MTEPS: 1319.589008
Trial Time:	0.019877
---------------
node :1678264
MTEPS: 1134.542029
Trial Time:	0.018717
---------------
node :3369700
MTEPS: 1004.556051
Trial Time:	0.018701
---------------
node :441185
MTEPS: 0.004475
Trial Time:	0.000223
---------------
node :2922695
MTEPS: 0.000000
Trial Time:	0.000051
---------------
node :1339329
MTEPS: 1010.364206
Trial Time:	0.017803
---------------
node :2757151
MTEPS: 1412.522496
Trial Time:	0.019167
---------------
node :1537705
MTEPS: 1834.803346
Trial Time:	0.020792
---------------
node :1749799
MTEPS: 1914.961936
Trial Time:	0.020700
Min time: 0.000051
Max time: 0.022404
Avg time: 0.019880
Avg MTEPS: 1479.032493
Avg steps: 29915182
------------
omp_thread: 64
---------------
node :1
MTEPS: 1727.174283
Trial Time:	0.017669
---------------
node :2
MTEPS: 2533.845893
Trial Time:	0.018749
---------------
node :3
MTEPS: 1741.193202
Trial Time:	0.016965
---------------
node :4
MTEPS: 1207.935277
Trial Time:	0.016826
---------------
node :5
MTEPS: 2638.096622
Trial Time:	0.019224
---------------
node :4847569
MTEPS: 0.000000
Trial Time:	0.000396
---------------
node :4847568
MTEPS: 0.018344
Trial Time:	0.000273
---------------
node :4847567
MTEPS: 0.008964
Trial Time:	0.000112
---------------
node :4847566
MTEPS: 0.000000
Trial Time:	0.000070
---------------
node :4847565
MTEPS: 0.000000
Trial Time:	0.000070
---------------
node :148143
MTEPS: 1299.345382
Trial Time:	0.016312
---------------
node :2887239
MTEPS: 1509.602393
Trial Time:	0.017376
---------------
node :1678264
MTEPS: 1305.464026
Trial Time:	0.016266
---------------
node :3369700
MTEPS: 1124.569800
Trial Time:	0.016705
---------------
node :441185
MTEPS: 0.004384
Trial Time:	0.000228
---------------
node :2922695
MTEPS: 0.000000
Trial Time:	0.000073
---------------
node :1339329
MTEPS: 1142.071343
Trial Time:	0.015750
---------------
node :2757151
MTEPS: 1623.786826
Trial Time:	0.016673
---------------
node :1537705
MTEPS: 2131.697373
Trial Time:	0.017896
---------------
node :1749799
MTEPS: 2219.000911
Trial Time:	0.017864
Min time: 0.000070
Max time: 0.019224
Avg time: 0.017252
Avg MTEPS: 1707.983315
Avg steps: 29915182
------------
omp_thread: 128
---------------
node :1
MTEPS: 1037.805722
Trial Time:	0.029405
---------------
node :2
MTEPS: 1096.688429
Trial Time:	0.043318
---------------
node :3
MTEPS: 599.272046
Trial Time:	0.049293
---------------
node :4
MTEPS: 382.016059
Trial Time:	0.053204
---------------
node :5
MTEPS: 900.846622
Trial Time:	0.056296
---------------
node :4847569
MTEPS: 0.000000
Trial Time:	0.004353
---------------
node :4847568
MTEPS: 0.002962
Trial Time:	0.001688
---------------
node :4847567
MTEPS: 0.003587
Trial Time:	0.000279
---------------
node :4847566
MTEPS: 0.000000
Trial Time:	0.001089
---------------
node :4847565
MTEPS: 0.000000
Trial Time:	0.000172
---------------
node :148143
MTEPS: 435.820476
Trial Time:	0.048633
---------------
node :2887239
MTEPS: 641.857598
Trial Time:	0.040866
---------------
node :1678264
MTEPS: 135.346586
Trial Time:	0.156895
---------------
node :3369700
MTEPS: 640.115223
Trial Time:	0.029348
---------------
node :441185
MTEPS: 0.001068
Trial Time:	0.000937
---------------
node :2922695
MTEPS: 0.000000
Trial Time:	0.000154
---------------
node :1339329
MTEPS: 637.892178
Trial Time:	0.028198
---------------
node :2757151
MTEPS: 904.079233
Trial Time:	0.029946
---------------
node :1537705
MTEPS: 908.232375
Trial Time:	0.042003
---------------
node :1749799
MTEPS: 1159.549744
Trial Time:	0.034186
Min time: 0.000154
Max time: 0.156895
Avg time: 0.040545
Avg MTEPS: 592.470323
Avg steps: 24306086
